Process: 21674 2021-10-17T17:44:20.782Z [Background Jobs] [31merror[39m: Server Error Message: Invalid connection string "mongo://root:root@127.0.0.1:27017" exceptionBacktrace: MongoParseError: Invalid connection string "mongo://root:root@127.0.0.1:27017"
    at new ConnectionString (/Users/adamwiniecke/sol-survivor-api/node_modules/mongodb-connection-string-url/lib/index.js:66:19)
    at Object.parseOptions (/Users/adamwiniecke/sol-survivor-api/node_modules/mongodb/lib/connection_string.js:210:17)
    at new MongoClient (/Users/adamwiniecke/sol-survivor-api/node_modules/mongodb/lib/mongo_client.js:62:46)
    at /Users/adamwiniecke/sol-survivor-api/node_modules/mongoose/lib/connection.js:779:16
    at new Promise (<anonymous>)
    at NativeConnection.Connection.openUri (/Users/adamwiniecke/sol-survivor-api/node_modules/mongoose/lib/connection.js:776:19)
    at /Users/adamwiniecke/sol-survivor-api/node_modules/mongoose/lib/index.js:330:10
    at /Users/adamwiniecke/sol-survivor-api/node_modules/mongoose/lib/helpers/promiseOrCallback.js:32:5
    at new Promise (<anonymous>)
    at promiseOrCallback (/Users/adamwiniecke/sol-survivor-api/node_modules/mongoose/lib/helpers/promiseOrCallback.js:31:10)
Process: 21674 2021-10-17T17:44:31.701Z [Background Jobs] [31merror[39m: Server Error Message: Invalid connection string "mongo://root:root@127.0.0.1:27017" exceptionBacktrace: MongoParseError: Invalid connection string "mongo://root:root@127.0.0.1:27017"
    at new ConnectionString (/Users/adamwiniecke/sol-survivor-api/node_modules/mongodb-connection-string-url/lib/index.js:66:19)
    at Object.parseOptions (/Users/adamwiniecke/sol-survivor-api/node_modules/mongodb/lib/connection_string.js:210:17)
    at new MongoClient (/Users/adamwiniecke/sol-survivor-api/node_modules/mongodb/lib/mongo_client.js:62:46)
    at /Users/adamwiniecke/sol-survivor-api/node_modules/mongoose/lib/connection.js:779:16
    at new Promise (<anonymous>)
    at NativeConnection.Connection.openUri (/Users/adamwiniecke/sol-survivor-api/node_modules/mongoose/lib/connection.js:776:19)
    at /Users/adamwiniecke/sol-survivor-api/node_modules/mongoose/lib/index.js:330:10
    at /Users/adamwiniecke/sol-survivor-api/node_modules/mongoose/lib/helpers/promiseOrCallback.js:32:5
    at new Promise (<anonymous>)
    at promiseOrCallback (/Users/adamwiniecke/sol-survivor-api/node_modules/mongoose/lib/helpers/promiseOrCallback.js:31:10)
Process: 21720 2021-10-17T17:48:02.257Z [Background Jobs] [31merror[39m: uncaughtException: routes is not defined
ReferenceError: routes is not defined
    at Object.<anonymous> (/Users/adamwiniecke/sol-survivor-api/index.js:38:9)
    at Module._compile (internal/modules/cjs/loader.js:1085:14)
    at Module._compile (/Users/adamwiniecke/sol-survivor-api/node_modules/pirates/lib/index.js:99:24)
    at Module._extensions..js (internal/modules/cjs/loader.js:1114:10)
    at Object.newLoader [as .js] (/Users/adamwiniecke/sol-survivor-api/node_modules/pirates/lib/index.js:104:7)
    at Module.load (internal/modules/cjs/loader.js:950:32)
    at Function.Module._load (internal/modules/cjs/loader.js:790:14)
    at Function.executeUserEntryPoint [as runMain] (internal/modules/run_main.js:76:12)
    at Object.<anonymous> (/Users/adamwiniecke/sol-survivor-api/node_modules/@babel/node/lib/_babel-node.js:176:21)
    at Module._compile (internal/modules/cjs/loader.js:1085:14)
Process: 21730 2021-10-17T17:48:13.947Z [Background Jobs] [31merror[39m: uncaughtException: Cannot find module './schemas/Trace'
Require stack:
- /Users/adamwiniecke/sol-survivor-api/node_modules/4casterschemas/index.js
- /Users/adamwiniecke/sol-survivor-api/src/db/models/game.js
- /Users/adamwiniecke/sol-survivor-api/src/db/models/index.js
- /Users/adamwiniecke/sol-survivor-api/src/services/survivorPools/getSurvivorPool.js
- /Users/adamwiniecke/sol-survivor-api/src/controllers/v1/SurvivorPoolController.js
- /Users/adamwiniecke/sol-survivor-api/src/routes/api/v1/survivorPool.js
- /Users/adamwiniecke/sol-survivor-api/src/routes/api/v1/index.js
- /Users/adamwiniecke/sol-survivor-api/src/routes/api/index.js
- /Users/adamwiniecke/sol-survivor-api/src/routes/index.js
- /Users/adamwiniecke/sol-survivor-api/index.js
Error: Cannot find module './schemas/Trace'
Require stack:
- /Users/adamwiniecke/sol-survivor-api/node_modules/4casterschemas/index.js
- /Users/adamwiniecke/sol-survivor-api/src/db/models/game.js
- /Users/adamwiniecke/sol-survivor-api/src/db/models/index.js
- /Users/adamwiniecke/sol-survivor-api/src/services/survivorPools/getSurvivorPool.js
- /Users/adamwiniecke/sol-survivor-api/src/controllers/v1/SurvivorPoolController.js
- /Users/adamwiniecke/sol-survivor-api/src/routes/api/v1/survivorPool.js
- /Users/adamwiniecke/sol-survivor-api/src/routes/api/v1/index.js
- /Users/adamwiniecke/sol-survivor-api/src/routes/api/index.js
- /Users/adamwiniecke/sol-survivor-api/src/routes/index.js
- /Users/adamwiniecke/sol-survivor-api/index.js
    at Function.Module._resolveFilename (internal/modules/cjs/loader.js:902:15)
    at Function.Module._load (internal/modules/cjs/loader.js:746:27)
    at Module.require (internal/modules/cjs/loader.js:974:19)
    at require (internal/modules/cjs/helpers.js:92:18)
    at Object.<anonymous> (/Users/adamwiniecke/sol-survivor-api/node_modules/4casterschemas/index.js:7:21)
    at Module._compile (internal/modules/cjs/loader.js:1085:14)
    at Module._compile (/Users/adamwiniecke/sol-survivor-api/node_modules/pirates/lib/index.js:99:24)
    at Module._extensions..js (internal/modules/cjs/loader.js:1114:10)
    at Object.newLoader [as .js] (/Users/adamwiniecke/sol-survivor-api/node_modules/pirates/lib/index.js:104:7)
    at Module.load (internal/modules/cjs/loader.js:950:32)
Process: 22094 2021-10-17T18:01:10.510Z [Background Jobs] [31merror[39m: Exception raised in Service Message: Cannot call abortTransaction after calling commitTransaction class: LogIn context: [{"method":"1","url":"2","header":"3"},"POST","/api/v1/user/logIn",{"content-type":"4","user-agent":"5","accept":"6","postman-token":"7","host":"8","accept-encoding":"9","connection":"10","content-length":"11"},"application/json","PostmanRuntime/7.28.4","*/*","2c5f8b95-863e-459c-ac00-c0cf69952ed3","localhost:8080","gzip, deflate, br","keep-alive","55"] exceptionBacktrace: MongoTransactionError: Cannot call abortTransaction after calling commitTransaction
    at endTransaction (/Users/adamwiniecke/sol-survivor-api/node_modules/mongodb/lib/sessions.js:435:22)
    at /Users/adamwiniecke/sol-survivor-api/node_modules/mongodb/lib/sessions.js:259:53
    at Object.maybePromise (/Users/adamwiniecke/sol-survivor-api/node_modules/mongodb/lib/utils.js:518:5)
    at ClientSession.abortTransaction (/Users/adamwiniecke/sol-survivor-api/node_modules/mongodb/lib/sessions.js:259:24)
    at LogIn.run (/Users/adamwiniecke/sol-survivor-api/src/services/user/logIn.js:102:29)
    at processTicksAndRejections (internal/process/task_queues.js:95:5)
    at async LogIn.tryExecuting (/Users/adamwiniecke/sol-survivor-api/src/lib/serviceBase.js:86:22)
    at async Function.execute (/Users/adamwiniecke/sol-survivor-api/src/lib/serviceBase.js:191:5)
    at async logIn (/Users/adamwiniecke/sol-survivor-api/src/controllers/v1/UserController.js:34:27)
    at async logger (/Users/adamwiniecke/sol-survivor-api/node_modules/koa-logger/index.js:67:7)
Process: 22094 2021-10-17T18:01:10.512Z [Background Jobs] [31merror[39m: Server Error Message: Cannot call abortTransaction after calling commitTransaction exceptionBacktrace: MongoTransactionError: Cannot call abortTransaction after calling commitTransaction
    at endTransaction (/Users/adamwiniecke/sol-survivor-api/node_modules/mongodb/lib/sessions.js:435:22)
    at /Users/adamwiniecke/sol-survivor-api/node_modules/mongodb/lib/sessions.js:259:53
    at Object.maybePromise (/Users/adamwiniecke/sol-survivor-api/node_modules/mongodb/lib/utils.js:518:5)
    at ClientSession.abortTransaction (/Users/adamwiniecke/sol-survivor-api/node_modules/mongodb/lib/sessions.js:259:24)
    at LogIn.run (/Users/adamwiniecke/sol-survivor-api/src/services/user/logIn.js:102:29)
    at processTicksAndRejections (internal/process/task_queues.js:95:5)
    at async LogIn.tryExecuting (/Users/adamwiniecke/sol-survivor-api/src/lib/serviceBase.js:86:22)
    at async Function.execute (/Users/adamwiniecke/sol-survivor-api/src/lib/serviceBase.js:191:5)
    at async logIn (/Users/adamwiniecke/sol-survivor-api/src/controllers/v1/UserController.js:34:27)
    at async logger (/Users/adamwiniecke/sol-survivor-api/node_modules/koa-logger/index.js:67:7)
Process: 22149 2021-10-17T18:02:14.460Z [Background Jobs] [31merror[39m: Exception raised in Service Message: Cannot call abortTransaction after calling commitTransaction class: LogIn context: [{"method":"1","url":"2","header":"3"},"POST","/api/v1/user/logIn",{"content-type":"4","user-agent":"5","accept":"6","postman-token":"7","host":"8","accept-encoding":"9","connection":"10","content-length":"11"},"application/json","PostmanRuntime/7.28.4","*/*","1f711c43-baf2-4dbf-af05-e97fa6d0a111","localhost:8080","gzip, deflate, br","keep-alive","55"] exceptionBacktrace: MongoTransactionError: Cannot call abortTransaction after calling commitTransaction
    at endTransaction (/Users/adamwiniecke/sol-survivor-api/node_modules/mongodb/lib/sessions.js:435:22)
    at /Users/adamwiniecke/sol-survivor-api/node_modules/mongodb/lib/sessions.js:259:53
    at Object.maybePromise (/Users/adamwiniecke/sol-survivor-api/node_modules/mongodb/lib/utils.js:518:5)
    at ClientSession.abortTransaction (/Users/adamwiniecke/sol-survivor-api/node_modules/mongodb/lib/sessions.js:259:24)
    at LogIn.run (/Users/adamwiniecke/sol-survivor-api/src/services/user/logIn.js:103:29)
    at processTicksAndRejections (internal/process/task_queues.js:95:5)
    at async LogIn.tryExecuting (/Users/adamwiniecke/sol-survivor-api/src/lib/serviceBase.js:86:22)
    at async Function.execute (/Users/adamwiniecke/sol-survivor-api/src/lib/serviceBase.js:191:5)
    at async logIn (/Users/adamwiniecke/sol-survivor-api/src/controllers/v1/UserController.js:34:27)
    at async logger (/Users/adamwiniecke/sol-survivor-api/node_modules/koa-logger/index.js:67:7) 
Process: 22149 2021-10-17T18:02:14.462Z [Background Jobs] [31merror[39m: Server Error Message: Cannot call abortTransaction after calling commitTransaction exceptionBacktrace: MongoTransactionError: Cannot call abortTransaction after calling commitTransaction
    at endTransaction (/Users/adamwiniecke/sol-survivor-api/node_modules/mongodb/lib/sessions.js:435:22)
    at /Users/adamwiniecke/sol-survivor-api/node_modules/mongodb/lib/sessions.js:259:53
    at Object.maybePromise (/Users/adamwiniecke/sol-survivor-api/node_modules/mongodb/lib/utils.js:518:5)
    at ClientSession.abortTransaction (/Users/adamwiniecke/sol-survivor-api/node_modules/mongodb/lib/sessions.js:259:24)
    at LogIn.run (/Users/adamwiniecke/sol-survivor-api/src/services/user/logIn.js:103:29)
    at processTicksAndRejections (internal/process/task_queues.js:95:5)
    at async LogIn.tryExecuting (/Users/adamwiniecke/sol-survivor-api/src/lib/serviceBase.js:86:22)
    at async Function.execute (/Users/adamwiniecke/sol-survivor-api/src/lib/serviceBase.js:191:5)
    at async logIn (/Users/adamwiniecke/sol-survivor-api/src/controllers/v1/UserController.js:34:27)
    at async logger (/Users/adamwiniecke/sol-survivor-api/node_modules/koa-logger/index.js:67:7) 
Process: 22223 2021-10-17T18:04:47.396Z [Background Jobs] [31merror[39m: Server Error Message: non-error thrown: {"GetMe":{"user":"User can't be blank","token":"Token can't be blank"}} exceptionBacktrace: Error: non-error thrown: {"GetMe":{"user":"User can't be blank","token":"Token can't be blank"}}
    at Object.onerror (/Users/adamwiniecke/sol-survivor-api/node_modules/koa/lib/context.js:119:31)
    at onerror (/Users/adamwiniecke/sol-survivor-api/node_modules/koa/lib/application.js:165:32)
    at processTicksAndRejections (internal/process/task_queues.js:95:5) 
Process: 22223 2021-10-17T18:04:48.449Z [Background Jobs] [31merror[39m: Server Error Message: non-error thrown: {"GetMe":{"user":"User can't be blank","token":"Token can't be blank"}} exceptionBacktrace: Error: non-error thrown: {"GetMe":{"user":"User can't be blank","token":"Token can't be blank"}}
    at Object.onerror (/Users/adamwiniecke/sol-survivor-api/node_modules/koa/lib/context.js:119:31)
    at onerror (/Users/adamwiniecke/sol-survivor-api/node_modules/koa/lib/application.js:165:32)
    at processTicksAndRejections (internal/process/task_queues.js:95:5) 
Process: 22258 2021-10-17T18:06:28.903Z [Background Jobs] [31merror[39m: uncaughtException: Cannot read property 'router' of undefined
TypeError: Cannot read property 'router' of undefined
    at Router.use (/Users/adamwiniecke/sol-survivor-api/node_modules/@koa/router/lib/router.js:264:11)
    at Object.<anonymous> (/Users/adamwiniecke/sol-survivor-api/src/routes/api/v1/user.js:18:8)
    at Module._compile (internal/modules/cjs/loader.js:1085:14)
    at Module._compile (/Users/adamwiniecke/sol-survivor-api/node_modules/pirates/lib/index.js:99:24)
    at Module._extensions..js (internal/modules/cjs/loader.js:1114:10)
    at Object.newLoader [as .js] (/Users/adamwiniecke/sol-survivor-api/node_modules/pirates/lib/index.js:104:7)
    at Module.load (internal/modules/cjs/loader.js:950:32)
    at Function.Module._load (internal/modules/cjs/loader.js:790:14)
    at Module.require (internal/modules/cjs/loader.js:974:19)
    at require (internal/modules/cjs/helpers.js:92:18)
Process: 22268 2021-10-17T18:06:49.902Z [Background Jobs] [31merror[39m: uncaughtException: Cannot read property 'router' of undefined
TypeError: Cannot read property 'router' of undefined
    at Router.use (/Users/adamwiniecke/sol-survivor-api/node_modules/@koa/router/lib/router.js:264:11)
    at Object.<anonymous> (/Users/adamwiniecke/sol-survivor-api/src/routes/api/v1/user.js:18:8)
    at Module._compile (internal/modules/cjs/loader.js:1085:14)
    at Module._compile (/Users/adamwiniecke/sol-survivor-api/node_modules/pirates/lib/index.js:99:24)
    at Module._extensions..js (internal/modules/cjs/loader.js:1114:10)
    at Object.newLoader [as .js] (/Users/adamwiniecke/sol-survivor-api/node_modules/pirates/lib/index.js:104:7)
    at Module.load (internal/modules/cjs/loader.js:950:32)
    at Function.Module._load (internal/modules/cjs/loader.js:790:14)
    at Module.require (internal/modules/cjs/loader.js:974:19)
    at require (internal/modules/cjs/helpers.js:92:18)
Process: 22273 2021-10-17T18:07:34.612Z [Background Jobs] [31merror[39m: uncaughtException:  `([^/]*)`: `middleware` must be a function, not `object`
Error:  `([^/]*)`: `middleware` must be a function, not `object`
    at new Layer (/Users/adamwiniecke/sol-survivor-api/node_modules/@koa/router/lib/layer.js:37:13)
    at Router.register (/Users/adamwiniecke/sol-survivor-api/node_modules/@koa/router/lib/router.js:570:17)
    at Router.use (/Users/adamwiniecke/sol-survivor-api/node_modules/@koa/router/lib/router.js:296:14)
    at Object.<anonymous> (/Users/adamwiniecke/sol-survivor-api/src/routes/api/v1/user.js:18:8)
    at Module._compile (internal/modules/cjs/loader.js:1085:14)
    at Module._compile (/Users/adamwiniecke/sol-survivor-api/node_modules/pirates/lib/index.js:99:24)
    at Module._extensions..js (internal/modules/cjs/loader.js:1114:10)
    at Object.newLoader [as .js] (/Users/adamwiniecke/sol-survivor-api/node_modules/pirates/lib/index.js:104:7)
    at Module.load (internal/modules/cjs/loader.js:950:32)
    at Function.Module._load (internal/modules/cjs/loader.js:790:14)
Process: 22281 2021-10-17T18:07:38.240Z [Background Jobs] [31merror[39m: uncaughtException:  `([^/]*)`: `middleware` must be a function, not `object`
Error:  `([^/]*)`: `middleware` must be a function, not `object`
    at new Layer (/Users/adamwiniecke/sol-survivor-api/node_modules/@koa/router/lib/layer.js:37:13)
    at Router.register (/Users/adamwiniecke/sol-survivor-api/node_modules/@koa/router/lib/router.js:570:17)
    at Router.use (/Users/adamwiniecke/sol-survivor-api/node_modules/@koa/router/lib/router.js:296:14)
    at Object.<anonymous> (/Users/adamwiniecke/sol-survivor-api/src/routes/api/v1/user.js:18:8)
    at Module._compile (internal/modules/cjs/loader.js:1085:14)
    at Module._compile (/Users/adamwiniecke/sol-survivor-api/node_modules/pirates/lib/index.js:99:24)
    at Module._extensions..js (internal/modules/cjs/loader.js:1114:10)
    at Object.newLoader [as .js] (/Users/adamwiniecke/sol-survivor-api/node_modules/pirates/lib/index.js:104:7)
    at Module.load (internal/modules/cjs/loader.js:950:32)
    at Function.Module._load (internal/modules/cjs/loader.js:790:14)
Process: 22294 2021-10-17T18:07:48.732Z [Background Jobs] [31merror[39m: uncaughtException: Cannot read property 'auth' of undefined
TypeError: Cannot read property 'auth' of undefined
    at Object.<anonymous> (/Users/adamwiniecke/sol-survivor-api/src/routes/api/v1/user.js:18:26)
    at Module._compile (internal/modules/cjs/loader.js:1085:14)
    at Module._compile (/Users/adamwiniecke/sol-survivor-api/node_modules/pirates/lib/index.js:99:24)
    at Module._extensions..js (internal/modules/cjs/loader.js:1114:10)
    at Object.newLoader [as .js] (/Users/adamwiniecke/sol-survivor-api/node_modules/pirates/lib/index.js:104:7)
    at Module.load (internal/modules/cjs/loader.js:950:32)
    at Function.Module._load (internal/modules/cjs/loader.js:790:14)
    at Module.require (internal/modules/cjs/loader.js:974:19)
    at require (internal/modules/cjs/helpers.js:92:18)
    at Object.<anonymous> (/Users/adamwiniecke/sol-survivor-api/src/routes/api/v1/index.js:12:36)
Process: 22298 2021-10-17T18:08:00.230Z [Background Jobs] [31merror[39m: uncaughtException: Cannot read property 'auth' of undefined
TypeError: Cannot read property 'auth' of undefined
    at Object.<anonymous> (/Users/adamwiniecke/sol-survivor-api/src/routes/api/v1/user.js:18:26)
    at Module._compile (internal/modules/cjs/loader.js:1085:14)
    at Module._compile (/Users/adamwiniecke/sol-survivor-api/node_modules/pirates/lib/index.js:99:24)
    at Module._extensions..js (internal/modules/cjs/loader.js:1114:10)
    at Object.newLoader [as .js] (/Users/adamwiniecke/sol-survivor-api/node_modules/pirates/lib/index.js:104:7)
    at Module.load (internal/modules/cjs/loader.js:950:32)
    at Function.Module._load (internal/modules/cjs/loader.js:790:14)
    at Module.require (internal/modules/cjs/loader.js:974:19)
    at require (internal/modules/cjs/helpers.js:92:18)
    at Object.<anonymous> (/Users/adamwiniecke/sol-survivor-api/src/routes/api/v1/index.js:12:36)
Process: 22302 2021-10-17T18:08:24.840Z [Background Jobs] [31merror[39m: uncaughtException: /Users/adamwiniecke/sol-survivor-api/src/middlewares/user.js: Unexpected reserved word 'let'. (6:2)

[0m [90m 4 |[39m [36mexport[39m [36mdefault[39m {[0m
[0m [90m 5 |[39m   auth[33m:[39m   [90m// We first try to get the token from cookies[39m[0m
[0m[31m[1m>[22m[39m[90m 6 |[39m   [36mlet[39m token [33m=[39m ctx[33m.[39mcookies[33m.[39m[36mget[39m([32m'auth'[39m[33m,[39m { signed[33m:[39m [36mtrue[39m })[0m
[0m [90m   |[39m   [31m[1m^[22m[39m[0m
[0m [90m 7 |[39m[0m
[0m [90m 8 |[39m   [90m// if cookies fail, get token from authorization header[39m[0m
[0m [90m 9 |[39m   [36mif[39m ([33m![39mtoken) {[0m
SyntaxError: /Users/adamwiniecke/sol-survivor-api/src/middlewares/user.js: Unexpected reserved word 'let'. (6:2)

[0m [90m 4 |[39m [36mexport[39m [36mdefault[39m {[0m
[0m [90m 5 |[39m   auth[33m:[39m   [90m// We first try to get the token from cookies[39m[0m
[0m[31m[1m>[22m[39m[90m 6 |[39m   [36mlet[39m token [33m=[39m ctx[33m.[39mcookies[33m.[39m[36mget[39m([32m'auth'[39m[33m,[39m { signed[33m:[39m [36mtrue[39m })[0m
[0m [90m   |[39m   [31m[1m^[22m[39m[0m
[0m [90m 7 |[39m[0m
[0m [90m 8 |[39m   [90m// if cookies fail, get token from authorization header[39m[0m
[0m [90m 9 |[39m   [36mif[39m ([33m![39mtoken) {[0m
    at Parser._raise (/Users/adamwiniecke/sol-survivor-api/node_modules/@babel/parser/lib/index.js:541:17)
    at Parser.raiseWithData (/Users/adamwiniecke/sol-survivor-api/node_modules/@babel/parser/lib/index.js:534:17)
    at Parser.raise (/Users/adamwiniecke/sol-survivor-api/node_modules/@babel/parser/lib/index.js:495:17)
    at Parser.checkReservedWord (/Users/adamwiniecke/sol-survivor-api/node_modules/@babel/parser/lib/index.js:12749:12)
    at Parser.parseIdentifierName (/Users/adamwiniecke/sol-survivor-api/node_modules/@babel/parser/lib/index.js:12703:12)
    at Parser.parseIdentifier (/Users/adamwiniecke/sol-survivor-api/node_modules/@babel/parser/lib/index.js:12677:23)
    at Parser.parseExprAtom (/Users/adamwiniecke/sol-survivor-api/node_modules/@babel/parser/lib/index.js:11827:27)
    at Parser.parseExprSubscripts (/Users/adamwiniecke/sol-survivor-api/node_modules/@babel/parser/lib/index.js:11414:23)
    at Parser.parseUpdate (/Users/adamwiniecke/sol-survivor-api/node_modules/@babel/parser/lib/index.js:11394:21)
    at Parser.parseMaybeUnary (/Users/adamwiniecke/sol-survivor-api/node_modules/@babel/parser/lib/index.js:11369:23)
Process: 22307 2021-10-17T18:08:45.040Z [Background Jobs] [31merror[39m: uncaughtException:  `([^/]*)`: `middleware` must be a function, not `object`
Error:  `([^/]*)`: `middleware` must be a function, not `object`
    at new Layer (/Users/adamwiniecke/sol-survivor-api/node_modules/@koa/router/lib/layer.js:37:13)
    at Router.register (/Users/adamwiniecke/sol-survivor-api/node_modules/@koa/router/lib/router.js:570:17)
    at Router.use (/Users/adamwiniecke/sol-survivor-api/node_modules/@koa/router/lib/router.js:296:14)
    at Object.<anonymous> (/Users/adamwiniecke/sol-survivor-api/src/routes/api/v1/user.js:18:8)
    at Module._compile (internal/modules/cjs/loader.js:1085:14)
    at Module._compile (/Users/adamwiniecke/sol-survivor-api/node_modules/pirates/lib/index.js:99:24)
    at Module._extensions..js (internal/modules/cjs/loader.js:1114:10)
    at Object.newLoader [as .js] (/Users/adamwiniecke/sol-survivor-api/node_modules/pirates/lib/index.js:104:7)
    at Module.load (internal/modules/cjs/loader.js:950:32)
    at Function.Module._load (internal/modules/cjs/loader.js:790:14)
Process: 22312 2021-10-17T18:08:50.602Z [Background Jobs] [31merror[39m: uncaughtException:  `([^/]*)`: `middleware` must be a function, not `object`
Error:  `([^/]*)`: `middleware` must be a function, not `object`
    at new Layer (/Users/adamwiniecke/sol-survivor-api/node_modules/@koa/router/lib/layer.js:37:13)
    at Router.register (/Users/adamwiniecke/sol-survivor-api/node_modules/@koa/router/lib/router.js:570:17)
    at Router.use (/Users/adamwiniecke/sol-survivor-api/node_modules/@koa/router/lib/router.js:296:14)
    at Object.<anonymous> (/Users/adamwiniecke/sol-survivor-api/src/routes/api/v1/user.js:18:8)
    at Module._compile (internal/modules/cjs/loader.js:1085:14)
    at Module._compile (/Users/adamwiniecke/sol-survivor-api/node_modules/pirates/lib/index.js:99:24)
    at Module._extensions..js (internal/modules/cjs/loader.js:1114:10)
    at Object.newLoader [as .js] (/Users/adamwiniecke/sol-survivor-api/node_modules/pirates/lib/index.js:104:7)
    at Module.load (internal/modules/cjs/loader.js:950:32)
    at Function.Module._load (internal/modules/cjs/loader.js:790:14)
Process: 22325 2021-10-17T18:10:15.850Z [Background Jobs] [31merror[39m: uncaughtException: /Users/adamwiniecke/sol-survivor-api/src/middlewares/user.js: Unexpected token, expected "{" (5:0)

[0m [90m 3 |[39m [36mimport[39m[0m
[0m [90m 4 |[39m[0m
[0m[31m[1m>[22m[39m[90m 5 |[39m [36mexport[39m [36mdefault[39m {[0m
[0m [90m   |[39m [31m[1m^[22m[39m[0m
[0m [90m 6 |[39m   auth[33m:[39m [36masync[39m (ctx[33m,[39m next) [33m=>[39m {[0m
[0m [90m 7 |[39m     [90m// We first try to get the token from cookies[39m[0m
[0m [90m 8 |[39m     [36mlet[39m token [33m=[39m ctx[33m.[39mcookies[33m.[39m[36mget[39m([32m'auth'[39m[33m,[39m { signed[33m:[39m [36mtrue[39m })[0m
SyntaxError: /Users/adamwiniecke/sol-survivor-api/src/middlewares/user.js: Unexpected token, expected "{" (5:0)

[0m [90m 3 |[39m [36mimport[39m[0m
[0m [90m 4 |[39m[0m
[0m[31m[1m>[22m[39m[90m 5 |[39m [36mexport[39m [36mdefault[39m {[0m
[0m [90m   |[39m [31m[1m^[22m[39m[0m
[0m [90m 6 |[39m   auth[33m:[39m [36masync[39m (ctx[33m,[39m next) [33m=>[39m {[0m
[0m [90m 7 |[39m     [90m// We first try to get the token from cookies[39m[0m
[0m [90m 8 |[39m     [36mlet[39m token [33m=[39m ctx[33m.[39mcookies[33m.[39m[36mget[39m([32m'auth'[39m[33m,[39m { signed[33m:[39m [36mtrue[39m })[0m
    at Parser._raise (/Users/adamwiniecke/sol-survivor-api/node_modules/@babel/parser/lib/index.js:541:17)
    at Parser.raiseWithData (/Users/adamwiniecke/sol-survivor-api/node_modules/@babel/parser/lib/index.js:534:17)
    at Parser.raise (/Users/adamwiniecke/sol-survivor-api/node_modules/@babel/parser/lib/index.js:495:17)
    at Parser.unexpected (/Users/adamwiniecke/sol-survivor-api/node_modules/@babel/parser/lib/index.js:3550:16)
    at Parser.expect (/Users/adamwiniecke/sol-survivor-api/node_modules/@babel/parser/lib/index.js:3524:28)
    at Parser.parseNamedImportSpecifiers (/Users/adamwiniecke/sol-survivor-api/node_modules/@babel/parser/lib/index.js:14732:10)
    at Parser.parseImport (/Users/adamwiniecke/sol-survivor-api/node_modules/@babel/parser/lib/index.js:14581:39)
    at Parser.parseStatementContent (/Users/adamwiniecke/sol-survivor-api/node_modules/@babel/parser/lib/index.js:13241:27)
    at Parser.parseStatement (/Users/adamwiniecke/sol-survivor-api/node_modules/@babel/parser/lib/index.js:13139:17)
    at Parser.parseBlockOrModuleBlockBody (/Users/adamwiniecke/sol-survivor-api/node_modules/@babel/parser/lib/index.js:13728:25)
Process: 22334 2021-10-17T18:10:17.743Z [Background Jobs] [31merror[39m: uncaughtException: /Users/adamwiniecke/sol-survivor-api/src/middlewares/user.js: Unexpected token, expected "{" (5:0)

[0m [90m 3 |[39m [36mimport[39m[0m
[0m [90m 4 |[39m[0m
[0m[31m[1m>[22m[39m[90m 5 |[39m [36mexport[39m [36mdefault[39m {[0m
[0m [90m   |[39m [31m[1m^[22m[39m[0m
[0m [90m 6 |[39m   auth[33m:[39m [36masync[39m (ctx[33m,[39m next) [33m=>[39m {[0m
[0m [90m 7 |[39m     [90m// We first try to get the token from cookies[39m[0m
[0m [90m 8 |[39m     [36mlet[39m token [33m=[39m ctx[33m.[39mcookies[33m.[39m[36mget[39m([32m'auth'[39m[33m,[39m { signed[33m:[39m [36mtrue[39m })[0m
SyntaxError: /Users/adamwiniecke/sol-survivor-api/src/middlewares/user.js: Unexpected token, expected "{" (5:0)

[0m [90m 3 |[39m [36mimport[39m[0m
[0m [90m 4 |[39m[0m
[0m[31m[1m>[22m[39m[90m 5 |[39m [36mexport[39m [36mdefault[39m {[0m
[0m [90m   |[39m [31m[1m^[22m[39m[0m
[0m [90m 6 |[39m   auth[33m:[39m [36masync[39m (ctx[33m,[39m next) [33m=>[39m {[0m
[0m [90m 7 |[39m     [90m// We first try to get the token from cookies[39m[0m
[0m [90m 8 |[39m     [36mlet[39m token [33m=[39m ctx[33m.[39mcookies[33m.[39m[36mget[39m([32m'auth'[39m[33m,[39m { signed[33m:[39m [36mtrue[39m })[0m
    at Parser._raise (/Users/adamwiniecke/sol-survivor-api/node_modules/@babel/parser/lib/index.js:541:17)
    at Parser.raiseWithData (/Users/adamwiniecke/sol-survivor-api/node_modules/@babel/parser/lib/index.js:534:17)
    at Parser.raise (/Users/adamwiniecke/sol-survivor-api/node_modules/@babel/parser/lib/index.js:495:17)
    at Parser.unexpected (/Users/adamwiniecke/sol-survivor-api/node_modules/@babel/parser/lib/index.js:3550:16)
    at Parser.expect (/Users/adamwiniecke/sol-survivor-api/node_modules/@babel/parser/lib/index.js:3524:28)
    at Parser.parseNamedImportSpecifiers (/Users/adamwiniecke/sol-survivor-api/node_modules/@babel/parser/lib/index.js:14732:10)
    at Parser.parseImport (/Users/adamwiniecke/sol-survivor-api/node_modules/@babel/parser/lib/index.js:14581:39)
    at Parser.parseStatementContent (/Users/adamwiniecke/sol-survivor-api/node_modules/@babel/parser/lib/index.js:13241:27)
    at Parser.parseStatement (/Users/adamwiniecke/sol-survivor-api/node_modules/@babel/parser/lib/index.js:13139:17)
    at Parser.parseBlockOrModuleBlockBody (/Users/adamwiniecke/sol-survivor-api/node_modules/@babel/parser/lib/index.js:13728:25)
Process: 22338 2021-10-17T18:10:20.140Z [Background Jobs] [31merror[39m: uncaughtException: /Users/adamwiniecke/sol-survivor-api/src/middlewares/user.js: Unexpected token, expected "{" (5:0)

[0m [90m 3 |[39m [36mimport[39m[0m
[0m [90m 4 |[39m[0m
[0m[31m[1m>[22m[39m[90m 5 |[39m [36mexport[39m [36mdefault[39m {[0m
[0m [90m   |[39m [31m[1m^[22m[39m[0m
[0m [90m 6 |[39m   auth[33m:[39m [36masync[39m (ctx[33m,[39m next) [33m=>[39m {[0m
[0m [90m 7 |[39m     [90m// We first try to get the token from cookies[39m[0m
[0m [90m 8 |[39m     [36mlet[39m token [33m=[39m ctx[33m.[39mcookies[33m.[39m[36mget[39m([32m'auth'[39m[33m,[39m { signed[33m:[39m [36mtrue[39m })[0m
SyntaxError: /Users/adamwiniecke/sol-survivor-api/src/middlewares/user.js: Unexpected token, expected "{" (5:0)

[0m [90m 3 |[39m [36mimport[39m[0m
[0m [90m 4 |[39m[0m
[0m[31m[1m>[22m[39m[90m 5 |[39m [36mexport[39m [36mdefault[39m {[0m
[0m [90m   |[39m [31m[1m^[22m[39m[0m
[0m [90m 6 |[39m   auth[33m:[39m [36masync[39m (ctx[33m,[39m next) [33m=>[39m {[0m
[0m [90m 7 |[39m     [90m// We first try to get the token from cookies[39m[0m
[0m [90m 8 |[39m     [36mlet[39m token [33m=[39m ctx[33m.[39mcookies[33m.[39m[36mget[39m([32m'auth'[39m[33m,[39m { signed[33m:[39m [36mtrue[39m })[0m
    at Parser._raise (/Users/adamwiniecke/sol-survivor-api/node_modules/@babel/parser/lib/index.js:541:17)
    at Parser.raiseWithData (/Users/adamwiniecke/sol-survivor-api/node_modules/@babel/parser/lib/index.js:534:17)
    at Parser.raise (/Users/adamwiniecke/sol-survivor-api/node_modules/@babel/parser/lib/index.js:495:17)
    at Parser.unexpected (/Users/adamwiniecke/sol-survivor-api/node_modules/@babel/parser/lib/index.js:3550:16)
    at Parser.expect (/Users/adamwiniecke/sol-survivor-api/node_modules/@babel/parser/lib/index.js:3524:28)
    at Parser.parseNamedImportSpecifiers (/Users/adamwiniecke/sol-survivor-api/node_modules/@babel/parser/lib/index.js:14732:10)
    at Parser.parseImport (/Users/adamwiniecke/sol-survivor-api/node_modules/@babel/parser/lib/index.js:14581:39)
    at Parser.parseStatementContent (/Users/adamwiniecke/sol-survivor-api/node_modules/@babel/parser/lib/index.js:13241:27)
    at Parser.parseStatement (/Users/adamwiniecke/sol-survivor-api/node_modules/@babel/parser/lib/index.js:13139:17)
    at Parser.parseBlockOrModuleBlockBody (/Users/adamwiniecke/sol-survivor-api/node_modules/@babel/parser/lib/index.js:13728:25)
Process: 22342 2021-10-17T18:10:35.715Z [Background Jobs] [31merror[39m: uncaughtException:  `([^/]*)`: `middleware` must be a function, not `object`
Error:  `([^/]*)`: `middleware` must be a function, not `object`
    at new Layer (/Users/adamwiniecke/sol-survivor-api/node_modules/@koa/router/lib/layer.js:37:13)
    at Router.register (/Users/adamwiniecke/sol-survivor-api/node_modules/@koa/router/lib/router.js:570:17)
    at Router.use (/Users/adamwiniecke/sol-survivor-api/node_modules/@koa/router/lib/router.js:296:14)
    at Object.<anonymous> (/Users/adamwiniecke/sol-survivor-api/src/routes/api/v1/user.js:18:8)
    at Module._compile (internal/modules/cjs/loader.js:1085:14)
    at Module._compile (/Users/adamwiniecke/sol-survivor-api/node_modules/pirates/lib/index.js:99:24)
    at Module._extensions..js (internal/modules/cjs/loader.js:1114:10)
    at Object.newLoader [as .js] (/Users/adamwiniecke/sol-survivor-api/node_modules/pirates/lib/index.js:104:7)
    at Module.load (internal/modules/cjs/loader.js:950:32)
    at Function.Module._load (internal/modules/cjs/loader.js:790:14)
Process: 22351 2021-10-17T18:11:03.391Z [Background Jobs] [31merror[39m: uncaughtException:  `([^/]*)`: `middleware` must be a function, not `object`
Error:  `([^/]*)`: `middleware` must be a function, not `object`
    at new Layer (/Users/adamwiniecke/sol-survivor-api/node_modules/@koa/router/lib/layer.js:37:13)
    at Router.register (/Users/adamwiniecke/sol-survivor-api/node_modules/@koa/router/lib/router.js:570:17)
    at Router.use (/Users/adamwiniecke/sol-survivor-api/node_modules/@koa/router/lib/router.js:296:14)
    at Object.<anonymous> (/Users/adamwiniecke/sol-survivor-api/src/routes/api/v1/user.js:18:8)
    at Module._compile (internal/modules/cjs/loader.js:1085:14)
    at Module._compile (/Users/adamwiniecke/sol-survivor-api/node_modules/pirates/lib/index.js:99:24)
    at Module._extensions..js (internal/modules/cjs/loader.js:1114:10)
    at Object.newLoader [as .js] (/Users/adamwiniecke/sol-survivor-api/node_modules/pirates/lib/index.js:104:7)
    at Module.load (internal/modules/cjs/loader.js:950:32)
    at Function.Module._load (internal/modules/cjs/loader.js:790:14)
Process: 22493 2021-10-17T18:27:16.925Z [Background Jobs] [31merror[39m: Exception raised in Service Message: Schema hasn't been registered for model "Participant".
Use mongoose.model(name, schema) class: GetSurvivorPool context: [{"user":"1"},{"_id":"2","username":"3","sportsbookDefault":true,"email":"4","telegramUsername":"5","type":"6","p2pCode":"3","closed":false,"survivorBalance":-100,"creditLimit":0,"defaultOddsFormat":"7","isAdmin":false,"hasMarketMakerAccess":false,"seedAccess":false,"followPinnacleNumbers":false,"notifyViaSMS":false,"balance":"8","displayBalance":"9","matchedAmount":"10","unmatchedAmount":"11","weeklyCarry":"12","referralCode":"13","code":"14","passwordHash":"15","salt":"16","referred":"17","sharpRating":"18","createdAt":"19","updatedAt":"20","__v":0},"616a46a9a9cbc5e864a36635","adam6","awiniecke24@gmail.com","ok","free","american",{"$numberDecimal":"21"},{"$numberDecimal":"22"},{"$numberDecimal":"22"},{"$numberDecimal":"22"},{"$numberDecimal":"22"},"bc1a136e705b5a2c7ac4","aw","e022c134874c9f3fc2638be6165112ff5132a15f1af46defb3de5950381966fa","24639beca99b34088ab1d7be16a915b1027f1f45fbb738009fd4d0712af4ac14",[],[],"2021-10-16T03:27:37.122Z","2021-10-16T03:34:32.488Z","1000","0"] exceptionBacktrace: MissingSchemaError: Schema hasn't been registered for model "Participant".
Use mongoose.model(name, schema)
    at NativeConnection.Connection.model (/Users/adamwiniecke/sol-survivor-api/node_modules/mongoose/lib/connection.js:1133:11)
    at addModelNamesToMap (/Users/adamwiniecke/sol-survivor-api/node_modules/mongoose/lib/helpers/populate/getModelsMapForPopulate.js:470:28)
    at getModelsMapForPopulate (/Users/adamwiniecke/sol-survivor-api/node_modules/mongoose/lib/helpers/populate/getModelsMapForPopulate.js:174:7)
    at populate (/Users/adamwiniecke/sol-survivor-api/node_modules/mongoose/lib/model.js:4437:21)
    at _populate (/Users/adamwiniecke/sol-survivor-api/node_modules/mongoose/lib/model.js:4408:5)
    at /Users/adamwiniecke/sol-survivor-api/node_modules/mongoose/lib/model.js:4385:5
    at promiseOrCallback (/Users/adamwiniecke/sol-survivor-api/node_modules/mongoose/lib/helpers/promiseOrCallback.js:10:12)
    at Mongoose._promiseOrCallback (/Users/adamwiniecke/sol-survivor-api/node_modules/mongoose/lib/index.js:1151:10)
    at Function.Model.populate (/Users/adamwiniecke/sol-survivor-api/node_modules/mongoose/lib/model.js:4383:23)
    at cb (/Users/adamwiniecke/sol-survivor-api/node_modules/mongoose/lib/query.js:2129:26) 
Process: 22493 2021-10-17T18:27:16.928Z [Background Jobs] [31merror[39m: Server Error Message: Schema hasn't been registered for model "Participant".
Use mongoose.model(name, schema) exceptionBacktrace: MissingSchemaError: Schema hasn't been registered for model "Participant".
Use mongoose.model(name, schema)
    at NativeConnection.Connection.model (/Users/adamwiniecke/sol-survivor-api/node_modules/mongoose/lib/connection.js:1133:11)
    at addModelNamesToMap (/Users/adamwiniecke/sol-survivor-api/node_modules/mongoose/lib/helpers/populate/getModelsMapForPopulate.js:470:28)
    at getModelsMapForPopulate (/Users/adamwiniecke/sol-survivor-api/node_modules/mongoose/lib/helpers/populate/getModelsMapForPopulate.js:174:7)
    at populate (/Users/adamwiniecke/sol-survivor-api/node_modules/mongoose/lib/model.js:4437:21)
    at _populate (/Users/adamwiniecke/sol-survivor-api/node_modules/mongoose/lib/model.js:4408:5)
    at /Users/adamwiniecke/sol-survivor-api/node_modules/mongoose/lib/model.js:4385:5
    at promiseOrCallback (/Users/adamwiniecke/sol-survivor-api/node_modules/mongoose/lib/helpers/promiseOrCallback.js:10:12)
    at Mongoose._promiseOrCallback (/Users/adamwiniecke/sol-survivor-api/node_modules/mongoose/lib/index.js:1151:10)
    at Function.Model.populate (/Users/adamwiniecke/sol-survivor-api/node_modules/mongoose/lib/model.js:4383:23)
    at cb (/Users/adamwiniecke/sol-survivor-api/node_modules/mongoose/lib/query.js:2129:26) 
Process: 22545 2021-10-17T18:29:01.617Z [Background Jobs] [31merror[39m: Exception raised in Service Message: (0 , _selectionParser.default) is not a function class: GetSurvivorPool context: [{"user":"1"},{"_id":"2","username":"3","sportsbookDefault":true,"email":"4","telegramUsername":"5","type":"6","p2pCode":"3","closed":false,"survivorBalance":-100,"creditLimit":0,"defaultOddsFormat":"7","isAdmin":false,"hasMarketMakerAccess":false,"seedAccess":false,"followPinnacleNumbers":false,"notifyViaSMS":false,"balance":"8","displayBalance":"9","matchedAmount":"10","unmatchedAmount":"11","weeklyCarry":"12","referralCode":"13","code":"14","passwordHash":"15","salt":"16","referred":"17","sharpRating":"18","createdAt":"19","updatedAt":"20","__v":0},"616a46a9a9cbc5e864a36635","adam6","awiniecke24@gmail.com","ok","free","american",{"$numberDecimal":"21"},{"$numberDecimal":"22"},{"$numberDecimal":"22"},{"$numberDecimal":"22"},{"$numberDecimal":"22"},"bc1a136e705b5a2c7ac4","aw","e022c134874c9f3fc2638be6165112ff5132a15f1af46defb3de5950381966fa","24639beca99b34088ab1d7be16a915b1027f1f45fbb738009fd4d0712af4ac14",[],[],"2021-10-16T03:27:37.122Z","2021-10-16T03:34:32.488Z","1000","0"] exceptionBacktrace: TypeError: (0 , _selectionParser.default) is not a function
    at /Users/adamwiniecke/sol-survivor-api/src/parsers/ticketParser.js:20:83
    at Array.map (<anonymous>)
    at /Users/adamwiniecke/sol-survivor-api/src/parsers/ticketParser.js:20:45
    at Array.map (<anonymous>)
    at ticketParser (/Users/adamwiniecke/sol-survivor-api/src/parsers/ticketParser.js:14:47)
    at Array.map (<anonymous>)
    at getTickets (/Users/adamwiniecke/sol-survivor-api/src/helpers/survivorPool/getTickets.js:22:21)
    at processTicksAndRejections (internal/process/task_queues.js:95:5)
    at async GetSurvivorPool.run (/Users/adamwiniecke/sol-survivor-api/src/services/survivorPools/getSurvivorPool.js:34:17)
    at async GetSurvivorPool.tryExecuting (/Users/adamwiniecke/sol-survivor-api/src/lib/serviceBase.js:86:22) 
Process: 22545 2021-10-17T18:29:01.620Z [Background Jobs] [31merror[39m: Server Error Message: (0 , _selectionParser.default) is not a function exceptionBacktrace: TypeError: (0 , _selectionParser.default) is not a function
    at /Users/adamwiniecke/sol-survivor-api/src/parsers/ticketParser.js:20:83
    at Array.map (<anonymous>)
    at /Users/adamwiniecke/sol-survivor-api/src/parsers/ticketParser.js:20:45
    at Array.map (<anonymous>)
    at ticketParser (/Users/adamwiniecke/sol-survivor-api/src/parsers/ticketParser.js:14:47)
    at Array.map (<anonymous>)
    at getTickets (/Users/adamwiniecke/sol-survivor-api/src/helpers/survivorPool/getTickets.js:22:21)
    at processTicksAndRejections (internal/process/task_queues.js:95:5)
    at async GetSurvivorPool.run (/Users/adamwiniecke/sol-survivor-api/src/services/survivorPools/getSurvivorPool.js:34:17)
    at async GetSurvivorPool.tryExecuting (/Users/adamwiniecke/sol-survivor-api/src/lib/serviceBase.js:86:22) 
Process: 22618 2021-10-17T18:33:22.430Z [Background Jobs] [31merror[39m: uncaughtException: /Users/adamwiniecke/sol-survivor-api/src/services/user/createUser.js: Unexpected token, expected "," (41:6)

[0m [90m 39 |[39m       telegramUsername[33m,[39m[0m
[0m [90m 40 |[39m       type [33m=[39m [32m'survivor'[39m[0m
[0m[31m[1m>[22m[39m[90m 41 |[39m       username[33m,[39m[0m
[0m [90m    |[39m       [31m[1m^[22m[39m[0m
[0m [90m 42 |[39m     } [33m=[39m body[0m
[0m [90m 43 |[39m[0m
[0m [90m 44 |[39m     [36mconst[39m mongooseSession [33m=[39m [36mawait[39m mongoose[33m.[39mstartSession()[0m
SyntaxError: /Users/adamwiniecke/sol-survivor-api/src/services/user/createUser.js: Unexpected token, expected "," (41:6)

[0m [90m 39 |[39m       telegramUsername[33m,[39m[0m
[0m [90m 40 |[39m       type [33m=[39m [32m'survivor'[39m[0m
[0m[31m[1m>[22m[39m[90m 41 |[39m       username[33m,[39m[0m
[0m [90m    |[39m       [31m[1m^[22m[39m[0m
[0m [90m 42 |[39m     } [33m=[39m body[0m
[0m [90m 43 |[39m[0m
[0m [90m 44 |[39m     [36mconst[39m mongooseSession [33m=[39m [36mawait[39m mongoose[33m.[39mstartSession()[0m
    at Parser._raise (/Users/adamwiniecke/sol-survivor-api/node_modules/@babel/parser/lib/index.js:541:17)
    at Parser.raiseWithData (/Users/adamwiniecke/sol-survivor-api/node_modules/@babel/parser/lib/index.js:534:17)
    at Parser.raise (/Users/adamwiniecke/sol-survivor-api/node_modules/@babel/parser/lib/index.js:495:17)
    at Parser.unexpected (/Users/adamwiniecke/sol-survivor-api/node_modules/@babel/parser/lib/index.js:3550:16)
    at Parser.expect (/Users/adamwiniecke/sol-survivor-api/node_modules/@babel/parser/lib/index.js:3524:28)
    at Parser.parseObjectLike (/Users/adamwiniecke/sol-survivor-api/node_modules/@babel/parser/lib/index.js:12282:14)
    at Parser.parseBindingAtom (/Users/adamwiniecke/sol-survivor-api/node_modules/@babel/parser/lib/index.js:10821:21)
    at Parser.parseVarId (/Users/adamwiniecke/sol-survivor-api/node_modules/@babel/parser/lib/index.js:13830:20)
    at Parser.parseVar (/Users/adamwiniecke/sol-survivor-api/node_modules/@babel/parser/lib/index.js:13806:12)
    at Parser.parseVarStatement (/Users/adamwiniecke/sol-survivor-api/node_modules/@babel/parser/lib/index.js:13623:10)
Process: 22643 2021-10-17T18:43:05.707Z [Background Jobs] [31merror[39m: Server Error Message: Cannot destructure property 'user' of 'serviceResult.result' as it is undefined. exceptionBacktrace: TypeError: Cannot destructure property 'user' of 'serviceResult.result' as it is undefined.
    at createUser (/Users/adamwiniecke/sol-survivor-api/src/controllers/v1/UserController.js:20:7)
    at processTicksAndRejections (internal/process/task_queues.js:95:5)
    at async logger (/Users/adamwiniecke/sol-survivor-api/node_modules/koa-logger/index.js:67:7)
    at async bodyParser (/Users/adamwiniecke/sol-survivor-api/node_modules/koa-bodyparser/index.js:95:5) 
Process: 23133 2021-10-17T18:54:36.609Z [Background Jobs] [31merror[39m: uncaughtException: Cannot find module '4casterschemas'
Require stack:
- /Users/adamwiniecke/sol-survivor-api/src/db/models/game.js
- /Users/adamwiniecke/sol-survivor-api/src/db/models/index.js
- /Users/adamwiniecke/sol-survivor-api/src/services/survivorPools/getSurvivorPool.js
- /Users/adamwiniecke/sol-survivor-api/src/controllers/v1/SurvivorPoolController.js
- /Users/adamwiniecke/sol-survivor-api/src/routes/api/v1/survivorPool.js
- /Users/adamwiniecke/sol-survivor-api/src/routes/api/v1/index.js
- /Users/adamwiniecke/sol-survivor-api/src/routes/api/index.js
- /Users/adamwiniecke/sol-survivor-api/src/routes/index.js
- /Users/adamwiniecke/sol-survivor-api/index.js
Error: Cannot find module '4casterschemas'
Require stack:
- /Users/adamwiniecke/sol-survivor-api/src/db/models/game.js
- /Users/adamwiniecke/sol-survivor-api/src/db/models/index.js
- /Users/adamwiniecke/sol-survivor-api/src/services/survivorPools/getSurvivorPool.js
- /Users/adamwiniecke/sol-survivor-api/src/controllers/v1/SurvivorPoolController.js
- /Users/adamwiniecke/sol-survivor-api/src/routes/api/v1/survivorPool.js
- /Users/adamwiniecke/sol-survivor-api/src/routes/api/v1/index.js
- /Users/adamwiniecke/sol-survivor-api/src/routes/api/index.js
- /Users/adamwiniecke/sol-survivor-api/src/routes/index.js
- /Users/adamwiniecke/sol-survivor-api/index.js
    at Function.Module._resolveFilename (internal/modules/cjs/loader.js:902:15)
    at Function.Module._load (internal/modules/cjs/loader.js:746:27)
    at Module.require (internal/modules/cjs/loader.js:974:19)
    at require (internal/modules/cjs/helpers.js:92:18)
    at Object.<anonymous> (/Users/adamwiniecke/sol-survivor-api/src/db/models/game.js:11:45)
    at Module._compile (internal/modules/cjs/loader.js:1085:14)
    at Module._compile (/Users/adamwiniecke/sol-survivor-api/node_modules/pirates/lib/index.js:99:24)
    at Module._extensions..js (internal/modules/cjs/loader.js:1114:10)
    at Object.newLoader [as .js] (/Users/adamwiniecke/sol-survivor-api/node_modules/pirates/lib/index.js:104:7)
    at Module.load (internal/modules/cjs/loader.js:950:32)
Process: 23139 2021-10-17T18:54:44.300Z [Background Jobs] [31merror[39m: uncaughtException: Cannot find module '4casterschemas'
Require stack:
- /Users/adamwiniecke/sol-survivor-api/src/db/models/game.js
- /Users/adamwiniecke/sol-survivor-api/src/db/models/index.js
- /Users/adamwiniecke/sol-survivor-api/src/services/survivorPools/getSurvivorPool.js
- /Users/adamwiniecke/sol-survivor-api/src/controllers/v1/SurvivorPoolController.js
- /Users/adamwiniecke/sol-survivor-api/src/routes/api/v1/survivorPool.js
- /Users/adamwiniecke/sol-survivor-api/src/routes/api/v1/index.js
- /Users/adamwiniecke/sol-survivor-api/src/routes/api/index.js
- /Users/adamwiniecke/sol-survivor-api/src/routes/index.js
- /Users/adamwiniecke/sol-survivor-api/index.js
Error: Cannot find module '4casterschemas'
Require stack:
- /Users/adamwiniecke/sol-survivor-api/src/db/models/game.js
- /Users/adamwiniecke/sol-survivor-api/src/db/models/index.js
- /Users/adamwiniecke/sol-survivor-api/src/services/survivorPools/getSurvivorPool.js
- /Users/adamwiniecke/sol-survivor-api/src/controllers/v1/SurvivorPoolController.js
- /Users/adamwiniecke/sol-survivor-api/src/routes/api/v1/survivorPool.js
- /Users/adamwiniecke/sol-survivor-api/src/routes/api/v1/index.js
- /Users/adamwiniecke/sol-survivor-api/src/routes/api/index.js
- /Users/adamwiniecke/sol-survivor-api/src/routes/index.js
- /Users/adamwiniecke/sol-survivor-api/index.js
    at Function.Module._resolveFilename (internal/modules/cjs/loader.js:902:15)
    at Function.Module._load (internal/modules/cjs/loader.js:746:27)
    at Module.require (internal/modules/cjs/loader.js:974:19)
    at require (internal/modules/cjs/helpers.js:92:18)
    at Object.<anonymous> (/Users/adamwiniecke/sol-survivor-api/src/db/models/game.js:11:45)
    at Module._compile (internal/modules/cjs/loader.js:1085:14)
    at Module._compile (/Users/adamwiniecke/sol-survivor-api/node_modules/pirates/lib/index.js:99:24)
    at Module._extensions..js (internal/modules/cjs/loader.js:1114:10)
    at Object.newLoader [as .js] (/Users/adamwiniecke/sol-survivor-api/node_modules/pirates/lib/index.js:104:7)
    at Module.load (internal/modules/cjs/loader.js:950:32)
Process: 23150 2021-10-17T18:55:13.405Z [Background Jobs] [31merror[39m: uncaughtException: Cannot find module '4casterschemas'
Require stack:
- /Users/adamwiniecke/sol-survivor-api/src/db/models/game.js
- /Users/adamwiniecke/sol-survivor-api/src/db/models/index.js
- /Users/adamwiniecke/sol-survivor-api/src/services/survivorPools/getSurvivorPool.js
- /Users/adamwiniecke/sol-survivor-api/src/controllers/v1/SurvivorPoolController.js
- /Users/adamwiniecke/sol-survivor-api/src/routes/api/v1/survivorPool.js
- /Users/adamwiniecke/sol-survivor-api/src/routes/api/v1/index.js
- /Users/adamwiniecke/sol-survivor-api/src/routes/api/index.js
- /Users/adamwiniecke/sol-survivor-api/src/routes/index.js
- /Users/adamwiniecke/sol-survivor-api/index.js
Error: Cannot find module '4casterschemas'
Require stack:
- /Users/adamwiniecke/sol-survivor-api/src/db/models/game.js
- /Users/adamwiniecke/sol-survivor-api/src/db/models/index.js
- /Users/adamwiniecke/sol-survivor-api/src/services/survivorPools/getSurvivorPool.js
- /Users/adamwiniecke/sol-survivor-api/src/controllers/v1/SurvivorPoolController.js
- /Users/adamwiniecke/sol-survivor-api/src/routes/api/v1/survivorPool.js
- /Users/adamwiniecke/sol-survivor-api/src/routes/api/v1/index.js
- /Users/adamwiniecke/sol-survivor-api/src/routes/api/index.js
- /Users/adamwiniecke/sol-survivor-api/src/routes/index.js
- /Users/adamwiniecke/sol-survivor-api/index.js
    at Function.Module._resolveFilename (internal/modules/cjs/loader.js:902:15)
    at Function.Module._load (internal/modules/cjs/loader.js:746:27)
    at Module.require (internal/modules/cjs/loader.js:974:19)
    at require (internal/modules/cjs/helpers.js:92:18)
    at Object.<anonymous> (/Users/adamwiniecke/sol-survivor-api/src/db/models/game.js:11:45)
    at Module._compile (internal/modules/cjs/loader.js:1085:14)
    at Module._compile (/Users/adamwiniecke/sol-survivor-api/node_modules/pirates/lib/index.js:99:24)
    at Module._extensions..js (internal/modules/cjs/loader.js:1114:10)
    at Object.newLoader [as .js] (/Users/adamwiniecke/sol-survivor-api/node_modules/pirates/lib/index.js:104:7)
    at Module.load (internal/modules/cjs/loader.js:950:32)
Process: 23159 2021-10-17T18:55:18.551Z [Background Jobs] [31merror[39m: uncaughtException: Cannot find module '4casterschemas'
Require stack:
- /Users/adamwiniecke/sol-survivor-api/src/db/models/game.js
- /Users/adamwiniecke/sol-survivor-api/src/db/models/index.js
- /Users/adamwiniecke/sol-survivor-api/src/services/survivorPools/getSurvivorPool.js
- /Users/adamwiniecke/sol-survivor-api/src/controllers/v1/SurvivorPoolController.js
- /Users/adamwiniecke/sol-survivor-api/src/routes/api/v1/survivorPool.js
- /Users/adamwiniecke/sol-survivor-api/src/routes/api/v1/index.js
- /Users/adamwiniecke/sol-survivor-api/src/routes/api/index.js
- /Users/adamwiniecke/sol-survivor-api/src/routes/index.js
- /Users/adamwiniecke/sol-survivor-api/index.js
Error: Cannot find module '4casterschemas'
Require stack:
- /Users/adamwiniecke/sol-survivor-api/src/db/models/game.js
- /Users/adamwiniecke/sol-survivor-api/src/db/models/index.js
- /Users/adamwiniecke/sol-survivor-api/src/services/survivorPools/getSurvivorPool.js
- /Users/adamwiniecke/sol-survivor-api/src/controllers/v1/SurvivorPoolController.js
- /Users/adamwiniecke/sol-survivor-api/src/routes/api/v1/survivorPool.js
- /Users/adamwiniecke/sol-survivor-api/src/routes/api/v1/index.js
- /Users/adamwiniecke/sol-survivor-api/src/routes/api/index.js
- /Users/adamwiniecke/sol-survivor-api/src/routes/index.js
- /Users/adamwiniecke/sol-survivor-api/index.js
    at Function.Module._resolveFilename (internal/modules/cjs/loader.js:902:15)
    at Function.Module._load (internal/modules/cjs/loader.js:746:27)
    at Module.require (internal/modules/cjs/loader.js:974:19)
    at require (internal/modules/cjs/helpers.js:92:18)
    at Object.<anonymous> (/Users/adamwiniecke/sol-survivor-api/src/db/models/game.js:11:45)
    at Module._compile (internal/modules/cjs/loader.js:1085:14)
    at Module._compile (/Users/adamwiniecke/sol-survivor-api/node_modules/pirates/lib/index.js:99:24)
    at Module._extensions..js (internal/modules/cjs/loader.js:1114:10)
    at Object.newLoader [as .js] (/Users/adamwiniecke/sol-survivor-api/node_modules/pirates/lib/index.js:104:7)
    at Module.load (internal/modules/cjs/loader.js:950:32)
Process: 23533 2021-10-17T19:07:44.034Z [Background Jobs] [31merror[39m: uncaughtException: Cannot find module '4casterschemas'
Require stack:
- /Users/adamwiniecke/sol-survivor-api/src/db/models/game.js
- /Users/adamwiniecke/sol-survivor-api/src/db/models/index.js
- /Users/adamwiniecke/sol-survivor-api/src/services/survivorPools/getSurvivorPool.js
- /Users/adamwiniecke/sol-survivor-api/src/controllers/v1/SurvivorPoolController.js
- /Users/adamwiniecke/sol-survivor-api/src/routes/api/v1/survivorPool.js
- /Users/adamwiniecke/sol-survivor-api/src/routes/api/v1/index.js
- /Users/adamwiniecke/sol-survivor-api/src/routes/api/index.js
- /Users/adamwiniecke/sol-survivor-api/src/routes/index.js
- /Users/adamwiniecke/sol-survivor-api/index.js
Error: Cannot find module '4casterschemas'
Require stack:
- /Users/adamwiniecke/sol-survivor-api/src/db/models/game.js
- /Users/adamwiniecke/sol-survivor-api/src/db/models/index.js
- /Users/adamwiniecke/sol-survivor-api/src/services/survivorPools/getSurvivorPool.js
- /Users/adamwiniecke/sol-survivor-api/src/controllers/v1/SurvivorPoolController.js
- /Users/adamwiniecke/sol-survivor-api/src/routes/api/v1/survivorPool.js
- /Users/adamwiniecke/sol-survivor-api/src/routes/api/v1/index.js
- /Users/adamwiniecke/sol-survivor-api/src/routes/api/index.js
- /Users/adamwiniecke/sol-survivor-api/src/routes/index.js
- /Users/adamwiniecke/sol-survivor-api/index.js
    at Function.Module._resolveFilename (internal/modules/cjs/loader.js:902:15)
    at Function.Module._load (internal/modules/cjs/loader.js:746:27)
    at Module.require (internal/modules/cjs/loader.js:974:19)
    at require (internal/modules/cjs/helpers.js:92:18)
    at Object.<anonymous> (/Users/adamwiniecke/sol-survivor-api/src/db/models/game.js:11:45)
    at Module._compile (internal/modules/cjs/loader.js:1085:14)
    at Module._compile (/Users/adamwiniecke/sol-survivor-api/node_modules/pirates/lib/index.js:99:24)
    at Module._extensions..js (internal/modules/cjs/loader.js:1114:10)
    at Object.newLoader [as .js] (/Users/adamwiniecke/sol-survivor-api/node_modules/pirates/lib/index.js:104:7)
    at Module.load (internal/modules/cjs/loader.js:950:32)
Process: 23544 2021-10-17T19:07:47.791Z [Background Jobs] [31merror[39m: uncaughtException: Cannot find module '4casterschemas'
Require stack:
- /Users/adamwiniecke/sol-survivor-api/src/db/models/game.js
- /Users/adamwiniecke/sol-survivor-api/src/db/models/index.js
- /Users/adamwiniecke/sol-survivor-api/src/services/survivorPools/getSurvivorPool.js
- /Users/adamwiniecke/sol-survivor-api/src/controllers/v1/SurvivorPoolController.js
- /Users/adamwiniecke/sol-survivor-api/src/routes/api/v1/survivorPool.js
- /Users/adamwiniecke/sol-survivor-api/src/routes/api/v1/index.js
- /Users/adamwiniecke/sol-survivor-api/src/routes/api/index.js
- /Users/adamwiniecke/sol-survivor-api/src/routes/index.js
- /Users/adamwiniecke/sol-survivor-api/index.js
Error: Cannot find module '4casterschemas'
Require stack:
- /Users/adamwiniecke/sol-survivor-api/src/db/models/game.js
- /Users/adamwiniecke/sol-survivor-api/src/db/models/index.js
- /Users/adamwiniecke/sol-survivor-api/src/services/survivorPools/getSurvivorPool.js
- /Users/adamwiniecke/sol-survivor-api/src/controllers/v1/SurvivorPoolController.js
- /Users/adamwiniecke/sol-survivor-api/src/routes/api/v1/survivorPool.js
- /Users/adamwiniecke/sol-survivor-api/src/routes/api/v1/index.js
- /Users/adamwiniecke/sol-survivor-api/src/routes/api/index.js
- /Users/adamwiniecke/sol-survivor-api/src/routes/index.js
- /Users/adamwiniecke/sol-survivor-api/index.js
    at Function.Module._resolveFilename (internal/modules/cjs/loader.js:902:15)
    at Function.Module._load (internal/modules/cjs/loader.js:746:27)
    at Module.require (internal/modules/cjs/loader.js:974:19)
    at require (internal/modules/cjs/helpers.js:92:18)
    at Object.<anonymous> (/Users/adamwiniecke/sol-survivor-api/src/db/models/game.js:11:45)
    at Module._compile (internal/modules/cjs/loader.js:1085:14)
    at Module._compile (/Users/adamwiniecke/sol-survivor-api/node_modules/pirates/lib/index.js:99:24)
    at Module._extensions..js (internal/modules/cjs/loader.js:1114:10)
    at Object.newLoader [as .js] (/Users/adamwiniecke/sol-survivor-api/node_modules/pirates/lib/index.js:104:7)
    at Module.load (internal/modules/cjs/loader.js:950:32)
Process: 23554 2021-10-17T19:08:32.794Z [Background Jobs] [31merror[39m: uncaughtException: Cannot find module '4casterschemas'
Require stack:
- /Users/adamwiniecke/sol-survivor-api/src/db/models/game.js
- /Users/adamwiniecke/sol-survivor-api/src/db/models/index.js
- /Users/adamwiniecke/sol-survivor-api/src/services/survivorPools/getSurvivorPool.js
- /Users/adamwiniecke/sol-survivor-api/src/controllers/v1/SurvivorPoolController.js
- /Users/adamwiniecke/sol-survivor-api/src/routes/api/v1/survivorPool.js
- /Users/adamwiniecke/sol-survivor-api/src/routes/api/v1/index.js
- /Users/adamwiniecke/sol-survivor-api/src/routes/api/index.js
- /Users/adamwiniecke/sol-survivor-api/src/routes/index.js
- /Users/adamwiniecke/sol-survivor-api/index.js
Error: Cannot find module '4casterschemas'
Require stack:
- /Users/adamwiniecke/sol-survivor-api/src/db/models/game.js
- /Users/adamwiniecke/sol-survivor-api/src/db/models/index.js
- /Users/adamwiniecke/sol-survivor-api/src/services/survivorPools/getSurvivorPool.js
- /Users/adamwiniecke/sol-survivor-api/src/controllers/v1/SurvivorPoolController.js
- /Users/adamwiniecke/sol-survivor-api/src/routes/api/v1/survivorPool.js
- /Users/adamwiniecke/sol-survivor-api/src/routes/api/v1/index.js
- /Users/adamwiniecke/sol-survivor-api/src/routes/api/index.js
- /Users/adamwiniecke/sol-survivor-api/src/routes/index.js
- /Users/adamwiniecke/sol-survivor-api/index.js
    at Function.Module._resolveFilename (internal/modules/cjs/loader.js:902:15)
    at Function.Module._load (internal/modules/cjs/loader.js:746:27)
    at Module.require (internal/modules/cjs/loader.js:974:19)
    at require (internal/modules/cjs/helpers.js:92:18)
    at Object.<anonymous> (/Users/adamwiniecke/sol-survivor-api/src/db/models/game.js:11:45)
    at Module._compile (internal/modules/cjs/loader.js:1085:14)
    at Module._compile (/Users/adamwiniecke/sol-survivor-api/node_modules/pirates/lib/index.js:99:24)
    at Module._extensions..js (internal/modules/cjs/loader.js:1114:10)
    at Object.newLoader [as .js] (/Users/adamwiniecke/sol-survivor-api/node_modules/pirates/lib/index.js:104:7)
    at Module.load (internal/modules/cjs/loader.js:950:32)
Process: 23561 2021-10-17T19:09:03.400Z [Background Jobs] [31merror[39m: uncaughtException: Cannot find module '4casterschemas'
Require stack:
- /Users/adamwiniecke/sol-survivor-api/src/db/models/game.js
- /Users/adamwiniecke/sol-survivor-api/src/db/models/index.js
- /Users/adamwiniecke/sol-survivor-api/src/services/survivorPools/getSurvivorPool.js
- /Users/adamwiniecke/sol-survivor-api/src/controllers/v1/SurvivorPoolController.js
- /Users/adamwiniecke/sol-survivor-api/src/routes/api/v1/survivorPool.js
- /Users/adamwiniecke/sol-survivor-api/src/routes/api/v1/index.js
- /Users/adamwiniecke/sol-survivor-api/src/routes/api/index.js
- /Users/adamwiniecke/sol-survivor-api/src/routes/index.js
- /Users/adamwiniecke/sol-survivor-api/index.js
Error: Cannot find module '4casterschemas'
Require stack:
- /Users/adamwiniecke/sol-survivor-api/src/db/models/game.js
- /Users/adamwiniecke/sol-survivor-api/src/db/models/index.js
- /Users/adamwiniecke/sol-survivor-api/src/services/survivorPools/getSurvivorPool.js
- /Users/adamwiniecke/sol-survivor-api/src/controllers/v1/SurvivorPoolController.js
- /Users/adamwiniecke/sol-survivor-api/src/routes/api/v1/survivorPool.js
- /Users/adamwiniecke/sol-survivor-api/src/routes/api/v1/index.js
- /Users/adamwiniecke/sol-survivor-api/src/routes/api/index.js
- /Users/adamwiniecke/sol-survivor-api/src/routes/index.js
- /Users/adamwiniecke/sol-survivor-api/index.js
    at Function.Module._resolveFilename (internal/modules/cjs/loader.js:902:15)
    at Function.Module._load (internal/modules/cjs/loader.js:746:27)
    at Module.require (internal/modules/cjs/loader.js:974:19)
    at require (internal/modules/cjs/helpers.js:92:18)
    at Object.<anonymous> (/Users/adamwiniecke/sol-survivor-api/src/db/models/game.js:11:45)
    at Module._compile (internal/modules/cjs/loader.js:1085:14)
    at Module._compile (/Users/adamwiniecke/sol-survivor-api/node_modules/pirates/lib/index.js:99:24)
    at Module._extensions..js (internal/modules/cjs/loader.js:1114:10)
    at Object.newLoader [as .js] (/Users/adamwiniecke/sol-survivor-api/node_modules/pirates/lib/index.js:104:7)
    at Module.load (internal/modules/cjs/loader.js:950:32)
Process: 23679 2021-10-17T19:15:44.579Z [Background Jobs] [31merror[39m: Server Error Message: Cannot read property 'getSurvivorPool' of undefined exceptionBacktrace: TypeError: Cannot read property 'getSurvivorPool' of undefined
    at createBlankEntry (/Users/adamwiniecke/sol-survivor-api/src/controllers/v1/SurvivorPoolController.js:53:16)
    at processTicksAndRejections (internal/process/task_queues.js:95:5)
    at async /Users/adamwiniecke/sol-survivor-api/src/middlewares/user.js:61:5
    at async logger (/Users/adamwiniecke/sol-survivor-api/node_modules/koa-logger/index.js:67:7)
    at async bodyParser (/Users/adamwiniecke/sol-survivor-api/node_modules/koa-bodyparser/index.js:95:5) 
Process: 24079 2021-10-17T19:58:11.361Z [Background Jobs] [31merror[39m: uncaughtException: /Users/adamwiniecke/sol-survivor-api/src/db/models/survivorPoolTicket.js: Unexpected token, expected "," (46:4)

[0m [90m 44 |[39m       [0m
[0m [90m 45 |[39m     }[0m
[0m[31m[1m>[22m[39m[90m 46 |[39m     { session[33m:[39m mongooseSession })[0m
[0m [90m    |[39m     [31m[1m^[22m[39m[0m
[0m [90m 47 |[39m }[0m
[0m [90m 48 |[39m[0m
[0m [90m 49 |[39m [36mexport[39m [36mdefault[39m [33mSurvivorPoolTicket[39m[0m
SyntaxError: /Users/adamwiniecke/sol-survivor-api/src/db/models/survivorPoolTicket.js: Unexpected token, expected "," (46:4)

[0m [90m 44 |[39m       [0m
[0m [90m 45 |[39m     }[0m
[0m[31m[1m>[22m[39m[90m 46 |[39m     { session[33m:[39m mongooseSession })[0m
[0m [90m    |[39m     [31m[1m^[22m[39m[0m
[0m [90m 47 |[39m }[0m
[0m [90m 48 |[39m[0m
[0m [90m 49 |[39m [36mexport[39m [36mdefault[39m [33mSurvivorPoolTicket[39m[0m
    at Parser._raise (/Users/adamwiniecke/sol-survivor-api/node_modules/@babel/parser/lib/index.js:541:17)
    at Parser.raiseWithData (/Users/adamwiniecke/sol-survivor-api/node_modules/@babel/parser/lib/index.js:534:17)
    at Parser.raise (/Users/adamwiniecke/sol-survivor-api/node_modules/@babel/parser/lib/index.js:495:17)
    at Parser.unexpected (/Users/adamwiniecke/sol-survivor-api/node_modules/@babel/parser/lib/index.js:3550:16)
    at Parser.expect (/Users/adamwiniecke/sol-survivor-api/node_modules/@babel/parser/lib/index.js:3524:28)
    at Parser.parseCallExpressionArguments (/Users/adamwiniecke/sol-survivor-api/node_modules/@babel/parser/lib/index.js:11605:14)
    at Parser.parseCoverCallAndAsyncArrowHead (/Users/adamwiniecke/sol-survivor-api/node_modules/@babel/parser/lib/index.js:11528:29)
    at Parser.parseSubscript (/Users/adamwiniecke/sol-survivor-api/node_modules/@babel/parser/lib/index.js:11458:19)
    at Parser.parseSubscripts (/Users/adamwiniecke/sol-survivor-api/node_modules/@babel/parser/lib/index.js:11431:19)
    at Parser.parseExprSubscripts (/Users/adamwiniecke/sol-survivor-api/node_modules/@babel/parser/lib/index.js:11420:17)
Process: 24088 2021-10-17T19:58:22.740Z [Background Jobs] [31merror[39m: uncaughtException: /Users/adamwiniecke/sol-survivor-api/src/db/models/survivorPoolTicket.js: Unexpected token, expected "," (53:4)

[0m [90m 51 |[39m       }[33m,[39m[0m
[0m [90m 52 |[39m     }[0m
[0m[31m[1m>[22m[39m[90m 53 |[39m     { session[33m:[39m mongooseSession })[0m
[0m [90m    |[39m     [31m[1m^[22m[39m[0m
[0m [90m 54 |[39m }[0m
[0m [90m 55 |[39m[0m
[0m [90m 56 |[39m [36mexport[39m [36mdefault[39m [33mSurvivorPoolTicket[39m[0m
SyntaxError: /Users/adamwiniecke/sol-survivor-api/src/db/models/survivorPoolTicket.js: Unexpected token, expected "," (53:4)

[0m [90m 51 |[39m       }[33m,[39m[0m
[0m [90m 52 |[39m     }[0m
[0m[31m[1m>[22m[39m[90m 53 |[39m     { session[33m:[39m mongooseSession })[0m
[0m [90m    |[39m     [31m[1m^[22m[39m[0m
[0m [90m 54 |[39m }[0m
[0m [90m 55 |[39m[0m
[0m [90m 56 |[39m [36mexport[39m [36mdefault[39m [33mSurvivorPoolTicket[39m[0m
    at Parser._raise (/Users/adamwiniecke/sol-survivor-api/node_modules/@babel/parser/lib/index.js:541:17)
    at Parser.raiseWithData (/Users/adamwiniecke/sol-survivor-api/node_modules/@babel/parser/lib/index.js:534:17)
    at Parser.raise (/Users/adamwiniecke/sol-survivor-api/node_modules/@babel/parser/lib/index.js:495:17)
    at Parser.unexpected (/Users/adamwiniecke/sol-survivor-api/node_modules/@babel/parser/lib/index.js:3550:16)
    at Parser.expect (/Users/adamwiniecke/sol-survivor-api/node_modules/@babel/parser/lib/index.js:3524:28)
    at Parser.parseCallExpressionArguments (/Users/adamwiniecke/sol-survivor-api/node_modules/@babel/parser/lib/index.js:11605:14)
    at Parser.parseCoverCallAndAsyncArrowHead (/Users/adamwiniecke/sol-survivor-api/node_modules/@babel/parser/lib/index.js:11528:29)
    at Parser.parseSubscript (/Users/adamwiniecke/sol-survivor-api/node_modules/@babel/parser/lib/index.js:11458:19)
    at Parser.parseSubscripts (/Users/adamwiniecke/sol-survivor-api/node_modules/@babel/parser/lib/index.js:11431:19)
    at Parser.parseExprSubscripts (/Users/adamwiniecke/sol-survivor-api/node_modules/@babel/parser/lib/index.js:11420:17)
Process: 24099 2021-10-17T19:58:39.679Z [Background Jobs] [31merror[39m: uncaughtException: /Users/adamwiniecke/sol-survivor-api/src/db/models/survivorPoolTicket.js: Unexpected token, expected "," (53:4)

[0m [90m 51 |[39m       }[33m,[39m[0m
[0m [90m 52 |[39m     }[0m
[0m[31m[1m>[22m[39m[90m 53 |[39m     { session[33m:[39m mongooseSession })[0m
[0m [90m    |[39m     [31m[1m^[22m[39m[0m
[0m [90m 54 |[39m }[0m
[0m [90m 55 |[39m[0m
[0m [90m 56 |[39m [36mexport[39m [36mdefault[39m [33mSurvivorPoolTicket[39m[0m
SyntaxError: /Users/adamwiniecke/sol-survivor-api/src/db/models/survivorPoolTicket.js: Unexpected token, expected "," (53:4)

[0m [90m 51 |[39m       }[33m,[39m[0m
[0m [90m 52 |[39m     }[0m
[0m[31m[1m>[22m[39m[90m 53 |[39m     { session[33m:[39m mongooseSession })[0m
[0m [90m    |[39m     [31m[1m^[22m[39m[0m
[0m [90m 54 |[39m }[0m
[0m [90m 55 |[39m[0m
[0m [90m 56 |[39m [36mexport[39m [36mdefault[39m [33mSurvivorPoolTicket[39m[0m
    at Parser._raise (/Users/adamwiniecke/sol-survivor-api/node_modules/@babel/parser/lib/index.js:541:17)
    at Parser.raiseWithData (/Users/adamwiniecke/sol-survivor-api/node_modules/@babel/parser/lib/index.js:534:17)
    at Parser.raise (/Users/adamwiniecke/sol-survivor-api/node_modules/@babel/parser/lib/index.js:495:17)
    at Parser.unexpected (/Users/adamwiniecke/sol-survivor-api/node_modules/@babel/parser/lib/index.js:3550:16)
    at Parser.expect (/Users/adamwiniecke/sol-survivor-api/node_modules/@babel/parser/lib/index.js:3524:28)
    at Parser.parseCallExpressionArguments (/Users/adamwiniecke/sol-survivor-api/node_modules/@babel/parser/lib/index.js:11605:14)
    at Parser.parseCoverCallAndAsyncArrowHead (/Users/adamwiniecke/sol-survivor-api/node_modules/@babel/parser/lib/index.js:11528:29)
    at Parser.parseSubscript (/Users/adamwiniecke/sol-survivor-api/node_modules/@babel/parser/lib/index.js:11458:19)
    at Parser.parseSubscripts (/Users/adamwiniecke/sol-survivor-api/node_modules/@babel/parser/lib/index.js:11431:19)
    at Parser.parseExprSubscripts (/Users/adamwiniecke/sol-survivor-api/node_modules/@babel/parser/lib/index.js:11420:17)
Process: 24120 2021-10-17T19:58:47.012Z [Background Jobs] [31merror[39m: uncaughtException: /Users/adamwiniecke/sol-survivor-api/src/db/models/survivorPoolTicket.js: Unexpected token, expected "," (53:4)

[0m [90m 51 |[39m       }[33m,[39m[0m
[0m [90m 52 |[39m     }[0m
[0m[31m[1m>[22m[39m[90m 53 |[39m     { session[33m:[39m mongooseSession })[0m
[0m [90m    |[39m     [31m[1m^[22m[39m[0m
[0m [90m 54 |[39m }[0m
[0m [90m 55 |[39m[0m
[0m [90m 56 |[39m [36mexport[39m [36mdefault[39m [33mSurvivorPoolTicket[39m[0m
SyntaxError: /Users/adamwiniecke/sol-survivor-api/src/db/models/survivorPoolTicket.js: Unexpected token, expected "," (53:4)

[0m [90m 51 |[39m       }[33m,[39m[0m
[0m [90m 52 |[39m     }[0m
[0m[31m[1m>[22m[39m[90m 53 |[39m     { session[33m:[39m mongooseSession })[0m
[0m [90m    |[39m     [31m[1m^[22m[39m[0m
[0m [90m 54 |[39m }[0m
[0m [90m 55 |[39m[0m
[0m [90m 56 |[39m [36mexport[39m [36mdefault[39m [33mSurvivorPoolTicket[39m[0m
    at Parser._raise (/Users/adamwiniecke/sol-survivor-api/node_modules/@babel/parser/lib/index.js:541:17)
    at Parser.raiseWithData (/Users/adamwiniecke/sol-survivor-api/node_modules/@babel/parser/lib/index.js:534:17)
    at Parser.raise (/Users/adamwiniecke/sol-survivor-api/node_modules/@babel/parser/lib/index.js:495:17)
    at Parser.unexpected (/Users/adamwiniecke/sol-survivor-api/node_modules/@babel/parser/lib/index.js:3550:16)
    at Parser.expect (/Users/adamwiniecke/sol-survivor-api/node_modules/@babel/parser/lib/index.js:3524:28)
    at Parser.parseCallExpressionArguments (/Users/adamwiniecke/sol-survivor-api/node_modules/@babel/parser/lib/index.js:11605:14)
    at Parser.parseCoverCallAndAsyncArrowHead (/Users/adamwiniecke/sol-survivor-api/node_modules/@babel/parser/lib/index.js:11528:29)
    at Parser.parseSubscript (/Users/adamwiniecke/sol-survivor-api/node_modules/@babel/parser/lib/index.js:11458:19)
    at Parser.parseSubscripts (/Users/adamwiniecke/sol-survivor-api/node_modules/@babel/parser/lib/index.js:11431:19)
    at Parser.parseExprSubscripts (/Users/adamwiniecke/sol-survivor-api/node_modules/@babel/parser/lib/index.js:11420:17)
Process: 24124 2021-10-17T19:59:09.381Z [Background Jobs] [31merror[39m: uncaughtException: /Users/adamwiniecke/sol-survivor-api/src/db/models/survivorPoolTicket.js: Unexpected token, expected "," (53:4)

[0m [90m 51 |[39m       }[33m,[39m[0m
[0m [90m 52 |[39m     }[0m
[0m[31m[1m>[22m[39m[90m 53 |[39m     { session[33m:[39m mongooseSession })[0m
[0m [90m    |[39m     [31m[1m^[22m[39m[0m
[0m [90m 54 |[39m }[0m
[0m [90m 55 |[39m[0m
[0m [90m 56 |[39m [36mexport[39m [36mdefault[39m [33mSurvivorPoolTicket[39m[0m
SyntaxError: /Users/adamwiniecke/sol-survivor-api/src/db/models/survivorPoolTicket.js: Unexpected token, expected "," (53:4)

[0m [90m 51 |[39m       }[33m,[39m[0m
[0m [90m 52 |[39m     }[0m
[0m[31m[1m>[22m[39m[90m 53 |[39m     { session[33m:[39m mongooseSession })[0m
[0m [90m    |[39m     [31m[1m^[22m[39m[0m
[0m [90m 54 |[39m }[0m
[0m [90m 55 |[39m[0m
[0m [90m 56 |[39m [36mexport[39m [36mdefault[39m [33mSurvivorPoolTicket[39m[0m
    at Parser._raise (/Users/adamwiniecke/sol-survivor-api/node_modules/@babel/parser/lib/index.js:541:17)
    at Parser.raiseWithData (/Users/adamwiniecke/sol-survivor-api/node_modules/@babel/parser/lib/index.js:534:17)
    at Parser.raise (/Users/adamwiniecke/sol-survivor-api/node_modules/@babel/parser/lib/index.js:495:17)
    at Parser.unexpected (/Users/adamwiniecke/sol-survivor-api/node_modules/@babel/parser/lib/index.js:3550:16)
    at Parser.expect (/Users/adamwiniecke/sol-survivor-api/node_modules/@babel/parser/lib/index.js:3524:28)
    at Parser.parseCallExpressionArguments (/Users/adamwiniecke/sol-survivor-api/node_modules/@babel/parser/lib/index.js:11605:14)
    at Parser.parseCoverCallAndAsyncArrowHead (/Users/adamwiniecke/sol-survivor-api/node_modules/@babel/parser/lib/index.js:11528:29)
    at Parser.parseSubscript (/Users/adamwiniecke/sol-survivor-api/node_modules/@babel/parser/lib/index.js:11458:19)
    at Parser.parseSubscripts (/Users/adamwiniecke/sol-survivor-api/node_modules/@babel/parser/lib/index.js:11431:19)
    at Parser.parseExprSubscripts (/Users/adamwiniecke/sol-survivor-api/node_modules/@babel/parser/lib/index.js:11420:17)
Process: 2541 2021-10-17T22:00:26.579Z [Sol Survivor API] [31merror[39m: Exception raised in Service Message: 400 class: LogIn context: [{"method":"1","url":"2","header":"3"},"POST","/api/v1/user/logIn",{"content-type":"4","user-agent":"5","accept":"6","postman-token":"7","host":"8","accept-encoding":"9","connection":"10","content-length":"11"},"application/json","PostmanRuntime/7.28.4","*/*","3da4ea73-a767-4e00-997c-f5354c1b2206","localhost:8080","gzip, deflate, br","keep-alive","55"] exceptionBacktrace: Error: 400
    at LogIn.run (/Users/adamwiniecke/SolSurvivor/api/src/services/user/logIn.js:104:13)
    at processTicksAndRejections (internal/process/task_queues.js:95:5)
    at async LogIn.tryExecuting (/Users/adamwiniecke/SolSurvivor/api/src/lib/serviceBase.js:86:22)
    at async Function.execute (/Users/adamwiniecke/SolSurvivor/api/src/lib/serviceBase.js:191:5)
    at async logIn (/Users/adamwiniecke/SolSurvivor/api/src/controllers/v1/UserController.js:34:27)
    at async logger (/Users/adamwiniecke/SolSurvivor/api/node_modules/koa-logger/index.js:67:7)
    at async bodyParser (/Users/adamwiniecke/SolSurvivor/api/node_modules/koa-bodyparser/index.js:95:5) 
Process: 2541 2021-10-17T22:00:26.582Z [Sol Survivor API] [31merror[39m: Server Error Message: 400 exceptionBacktrace: Error: 400
    at LogIn.run (/Users/adamwiniecke/SolSurvivor/api/src/services/user/logIn.js:104:13)
    at processTicksAndRejections (internal/process/task_queues.js:95:5)
    at async LogIn.tryExecuting (/Users/adamwiniecke/SolSurvivor/api/src/lib/serviceBase.js:86:22)
    at async Function.execute (/Users/adamwiniecke/SolSurvivor/api/src/lib/serviceBase.js:191:5)
    at async logIn (/Users/adamwiniecke/SolSurvivor/api/src/controllers/v1/UserController.js:34:27)
    at async logger (/Users/adamwiniecke/SolSurvivor/api/node_modules/koa-logger/index.js:67:7)
    at async bodyParser (/Users/adamwiniecke/SolSurvivor/api/node_modules/koa-bodyparser/index.js:95:5) 
Process: 2779 2021-10-17T22:02:26.694Z [Sol Survivor API] [31merror[39m: Exception raised in Service Message: 400 class: LogIn context: [{"method":"1","url":"2","header":"3"},"POST","/api/v1/user/logIn",{"content-type":"4","user-agent":"5","accept":"6","postman-token":"7","host":"8","accept-encoding":"9","connection":"10","content-length":"11"},"application/json","PostmanRuntime/7.28.4","*/*","cbe43f6a-ad96-4612-81fe-195e170e6cf5","localhost:8080","gzip, deflate, br","keep-alive","55"] exceptionBacktrace: Error: 400
    at LogIn.run (/Users/adamwiniecke/SolSurvivor/api/src/services/user/logIn.js:104:13)
    at processTicksAndRejections (internal/process/task_queues.js:95:5)
    at async LogIn.tryExecuting (/Users/adamwiniecke/SolSurvivor/api/src/lib/serviceBase.js:86:22)
    at async Function.execute (/Users/adamwiniecke/SolSurvivor/api/src/lib/serviceBase.js:191:5)
    at async logIn (/Users/adamwiniecke/SolSurvivor/api/src/controllers/v1/UserController.js:34:27)
    at async logger (/Users/adamwiniecke/SolSurvivor/api/node_modules/koa-logger/index.js:67:7)
    at async bodyParser (/Users/adamwiniecke/SolSurvivor/api/node_modules/koa-bodyparser/index.js:95:5) 
Process: 2779 2021-10-17T22:02:26.697Z [Sol Survivor API] [31merror[39m: Server Error Message: 400 exceptionBacktrace: Error: 400
    at LogIn.run (/Users/adamwiniecke/SolSurvivor/api/src/services/user/logIn.js:104:13)
    at processTicksAndRejections (internal/process/task_queues.js:95:5)
    at async LogIn.tryExecuting (/Users/adamwiniecke/SolSurvivor/api/src/lib/serviceBase.js:86:22)
    at async Function.execute (/Users/adamwiniecke/SolSurvivor/api/src/lib/serviceBase.js:191:5)
    at async logIn (/Users/adamwiniecke/SolSurvivor/api/src/controllers/v1/UserController.js:34:27)
    at async logger (/Users/adamwiniecke/SolSurvivor/api/node_modules/koa-logger/index.js:67:7)
    at async bodyParser (/Users/adamwiniecke/SolSurvivor/api/node_modules/koa-bodyparser/index.js:95:5) 
Process: 2779 2021-10-17T22:03:56.191Z [Sol Survivor API] [31merror[39m: Exception raised in Service Message: 400 class: LogIn context: [{"method":"1","url":"2","header":"3"},"POST","/api/v1/user/logIn",{"content-type":"4","user-agent":"5","accept":"6","postman-token":"7","host":"8","accept-encoding":"9","connection":"10","content-length":"11"},"application/json","PostmanRuntime/7.28.4","*/*","fee17321-0c0f-4546-8e05-cc9598fd0c2e","localhost:8080","gzip, deflate, br","keep-alive","55"] exceptionBacktrace: Error: 400
    at LogIn.run (/Users/adamwiniecke/SolSurvivor/api/src/services/user/logIn.js:104:13)
    at processTicksAndRejections (internal/process/task_queues.js:95:5)
    at async LogIn.tryExecuting (/Users/adamwiniecke/SolSurvivor/api/src/lib/serviceBase.js:86:22)
    at async Function.execute (/Users/adamwiniecke/SolSurvivor/api/src/lib/serviceBase.js:191:5)
    at async logIn (/Users/adamwiniecke/SolSurvivor/api/src/controllers/v1/UserController.js:34:27)
    at async logger (/Users/adamwiniecke/SolSurvivor/api/node_modules/koa-logger/index.js:67:7)
    at async bodyParser (/Users/adamwiniecke/SolSurvivor/api/node_modules/koa-bodyparser/index.js:95:5) 
Process: 2779 2021-10-17T22:03:56.192Z [Sol Survivor API] [31merror[39m: Server Error Message: 400 exceptionBacktrace: Error: 400
    at LogIn.run (/Users/adamwiniecke/SolSurvivor/api/src/services/user/logIn.js:104:13)
    at processTicksAndRejections (internal/process/task_queues.js:95:5)
    at async LogIn.tryExecuting (/Users/adamwiniecke/SolSurvivor/api/src/lib/serviceBase.js:86:22)
    at async Function.execute (/Users/adamwiniecke/SolSurvivor/api/src/lib/serviceBase.js:191:5)
    at async logIn (/Users/adamwiniecke/SolSurvivor/api/src/controllers/v1/UserController.js:34:27)
    at async logger (/Users/adamwiniecke/SolSurvivor/api/node_modules/koa-logger/index.js:67:7)
    at async bodyParser (/Users/adamwiniecke/SolSurvivor/api/node_modules/koa-bodyparser/index.js:95:5) 
Process: 3575 2021-10-17T22:06:36.249Z [Sol Survivor API] [31merror[39m: Exception raised in Service Message: 400 class: LogIn context: [{"method":"1","url":"2","header":"3"},"POST","/api/v1/user/logIn",{"content-type":"4","user-agent":"5","accept":"6","postman-token":"7","host":"8","accept-encoding":"9","connection":"10","content-length":"11"},"application/json","PostmanRuntime/7.28.4","*/*","2ec80147-4535-44cc-b20b-3d7364de53e6","localhost:8080","gzip, deflate, br","keep-alive","55"] exceptionBacktrace: Error: 400
    at LogIn.run (/Users/adamwiniecke/SolSurvivor/api/src/services/user/logIn.js:104:13)
    at processTicksAndRejections (internal/process/task_queues.js:95:5)
    at async LogIn.tryExecuting (/Users/adamwiniecke/SolSurvivor/api/src/lib/serviceBase.js:86:22)
    at async Function.execute (/Users/adamwiniecke/SolSurvivor/api/src/lib/serviceBase.js:191:5)
    at async logIn (/Users/adamwiniecke/SolSurvivor/api/src/controllers/v1/UserController.js:34:27)
    at async logger (/Users/adamwiniecke/SolSurvivor/api/node_modules/koa-logger/index.js:67:7)
    at async bodyParser (/Users/adamwiniecke/SolSurvivor/api/node_modules/koa-bodyparser/index.js:95:5) 
Process: 3575 2021-10-17T22:06:36.250Z [Sol Survivor API] [31merror[39m: Server Error Message: 400 exceptionBacktrace: Error: 400
    at LogIn.run (/Users/adamwiniecke/SolSurvivor/api/src/services/user/logIn.js:104:13)
    at processTicksAndRejections (internal/process/task_queues.js:95:5)
    at async LogIn.tryExecuting (/Users/adamwiniecke/SolSurvivor/api/src/lib/serviceBase.js:86:22)
    at async Function.execute (/Users/adamwiniecke/SolSurvivor/api/src/lib/serviceBase.js:191:5)
    at async logIn (/Users/adamwiniecke/SolSurvivor/api/src/controllers/v1/UserController.js:34:27)
    at async logger (/Users/adamwiniecke/SolSurvivor/api/node_modules/koa-logger/index.js:67:7)
    at async bodyParser (/Users/adamwiniecke/SolSurvivor/api/node_modules/koa-bodyparser/index.js:95:5) 
Process: 3697 2021-10-17T22:07:39.831Z [Sol Survivor API] [31merror[39m: Exception raised in Service Message: 400 class: LogIn context: [{"method":"1","url":"2","header":"3"},"POST","/api/v1/user/logIn",{"content-type":"4","user-agent":"5","accept":"6","postman-token":"7","host":"8","accept-encoding":"9","connection":"10","content-length":"11"},"application/json","PostmanRuntime/7.28.4","*/*","66939921-007a-4ac3-9135-234592bdf35d","localhost:8080","gzip, deflate, br","keep-alive","55"] exceptionBacktrace: Error: 400
    at LogIn.run (/Users/adamwiniecke/SolSurvivor/api/src/services/user/logIn.js:108:13)
    at processTicksAndRejections (internal/process/task_queues.js:95:5)
    at async LogIn.tryExecuting (/Users/adamwiniecke/SolSurvivor/api/src/lib/serviceBase.js:86:22)
    at async Function.execute (/Users/adamwiniecke/SolSurvivor/api/src/lib/serviceBase.js:191:5)
    at async logIn (/Users/adamwiniecke/SolSurvivor/api/src/controllers/v1/UserController.js:34:27)
    at async logger (/Users/adamwiniecke/SolSurvivor/api/node_modules/koa-logger/index.js:67:7)
    at async bodyParser (/Users/adamwiniecke/SolSurvivor/api/node_modules/koa-bodyparser/index.js:95:5) 
Process: 3697 2021-10-17T22:07:39.833Z [Sol Survivor API] [31merror[39m: Server Error Message: 400 exceptionBacktrace: Error: 400
    at LogIn.run (/Users/adamwiniecke/SolSurvivor/api/src/services/user/logIn.js:108:13)
    at processTicksAndRejections (internal/process/task_queues.js:95:5)
    at async LogIn.tryExecuting (/Users/adamwiniecke/SolSurvivor/api/src/lib/serviceBase.js:86:22)
    at async Function.execute (/Users/adamwiniecke/SolSurvivor/api/src/lib/serviceBase.js:191:5)
    at async logIn (/Users/adamwiniecke/SolSurvivor/api/src/controllers/v1/UserController.js:34:27)
    at async logger (/Users/adamwiniecke/SolSurvivor/api/node_modules/koa-logger/index.js:67:7)
    at async bodyParser (/Users/adamwiniecke/SolSurvivor/api/node_modules/koa-bodyparser/index.js:95:5) 
Process: 3697 2021-10-17T22:10:55.985Z [Sol Survivor API] [31merror[39m: Server Error Message: InvalidCredentials exceptionBacktrace: BadRequestError: InvalidCredentials
    at Object.throw (/Users/adamwiniecke/SolSurvivor/api/node_modules/koa/lib/context.js:97:11)
    at /Users/adamwiniecke/SolSurvivor/api/src/middlewares/user.js:37:16
    at processTicksAndRejections (internal/process/task_queues.js:95:5)
    at async logger (/Users/adamwiniecke/SolSurvivor/api/node_modules/koa-logger/index.js:67:7)
    at async bodyParser (/Users/adamwiniecke/SolSurvivor/api/node_modules/koa-bodyparser/index.js:95:5) 
Process: 3839 2021-10-17T22:13:45.462Z [Sol Survivor API] [31merror[39m: Exception raised in Service Message: No Message class: LogIn context: [{"method":"1","url":"2","header":"3"},"POST","/api/v1/user/logIn",{"content-type":"4","user-agent":"5","accept":"6","postman-token":"7","host":"8","accept-encoding":"9","connection":"10","content-length":"11"},"application/json","PostmanRuntime/7.28.4","*/*","e43ab831-937d-44aa-a996-fe10747b4ead","localhost:8080","gzip, deflate, br","keep-alive","55"] exceptionBacktrace: Error
    at LogIn.run (/Users/adamwiniecke/SolSurvivor/api/src/services/user/logIn.js:108:13)
    at processTicksAndRejections (internal/process/task_queues.js:95:5)
    at async LogIn.tryExecuting (/Users/adamwiniecke/SolSurvivor/api/src/lib/serviceBase.js:86:22)
    at async Function.execute (/Users/adamwiniecke/SolSurvivor/api/src/lib/serviceBase.js:191:5)
    at async logIn (/Users/adamwiniecke/SolSurvivor/api/src/controllers/v1/UserController.js:34:27)
    at async logger (/Users/adamwiniecke/SolSurvivor/api/node_modules/koa-logger/index.js:67:7)
    at async bodyParser (/Users/adamwiniecke/SolSurvivor/api/node_modules/koa-bodyparser/index.js:95:5) 
Process: 3839 2021-10-17T22:13:45.464Z [Sol Survivor API] [31merror[39m: Server Error Message: No Message exceptionBacktrace: Error
    at LogIn.run (/Users/adamwiniecke/SolSurvivor/api/src/services/user/logIn.js:108:13)
    at processTicksAndRejections (internal/process/task_queues.js:95:5)
    at async LogIn.tryExecuting (/Users/adamwiniecke/SolSurvivor/api/src/lib/serviceBase.js:86:22)
    at async Function.execute (/Users/adamwiniecke/SolSurvivor/api/src/lib/serviceBase.js:191:5)
    at async logIn (/Users/adamwiniecke/SolSurvivor/api/src/controllers/v1/UserController.js:34:27)
    at async logger (/Users/adamwiniecke/SolSurvivor/api/node_modules/koa-logger/index.js:67:7)
    at async bodyParser (/Users/adamwiniecke/SolSurvivor/api/node_modules/koa-bodyparser/index.js:95:5) 
Process: 3861 2021-10-17T22:14:44.875Z [Sol Survivor API] [31merror[39m: Exception raised in Service Message: No Message class: LogIn context: [{"method":"1","url":"2","header":"3"},"POST","/api/v1/user/logIn",{"content-type":"4","user-agent":"5","accept":"6","postman-token":"7","host":"8","accept-encoding":"9","connection":"10","content-length":"11"},"application/json","PostmanRuntime/7.28.4","*/*","03ebedea-cde6-41e6-a9bf-4b562f81b4b2","localhost:8080","gzip, deflate, br","keep-alive","55"] exceptionBacktrace: Error
    at LogIn.run (/Users/adamwiniecke/SolSurvivor/api/src/services/user/logIn.js:108:13)
    at processTicksAndRejections (internal/process/task_queues.js:95:5)
    at async LogIn.tryExecuting (/Users/adamwiniecke/SolSurvivor/api/src/lib/serviceBase.js:86:22)
    at async Function.execute (/Users/adamwiniecke/SolSurvivor/api/src/lib/serviceBase.js:191:5)
    at async logIn (/Users/adamwiniecke/SolSurvivor/api/src/controllers/v1/UserController.js:34:27)
    at async logger (/Users/adamwiniecke/SolSurvivor/api/node_modules/koa-logger/index.js:67:7)
    at async bodyParser (/Users/adamwiniecke/SolSurvivor/api/node_modules/koa-bodyparser/index.js:95:5) 
Process: 3861 2021-10-17T22:14:44.876Z [Sol Survivor API] [31merror[39m: Server Error Message: No Message exceptionBacktrace: Error
    at LogIn.run (/Users/adamwiniecke/SolSurvivor/api/src/services/user/logIn.js:108:13)
    at processTicksAndRejections (internal/process/task_queues.js:95:5)
    at async LogIn.tryExecuting (/Users/adamwiniecke/SolSurvivor/api/src/lib/serviceBase.js:86:22)
    at async Function.execute (/Users/adamwiniecke/SolSurvivor/api/src/lib/serviceBase.js:191:5)
    at async logIn (/Users/adamwiniecke/SolSurvivor/api/src/controllers/v1/UserController.js:34:27)
    at async logger (/Users/adamwiniecke/SolSurvivor/api/node_modules/koa-logger/index.js:67:7)
    at async bodyParser (/Users/adamwiniecke/SolSurvivor/api/node_modules/koa-bodyparser/index.js:95:5) 
Process: 3881 2021-10-17T22:15:24.010Z [Sol Survivor API] [31merror[39m: Exception raised in Service Message: No Message class: LogIn context: [{"method":"1","url":"2","header":"3"},"POST","/api/v1/user/logIn",{"content-type":"4","user-agent":"5","accept":"6","postman-token":"7","host":"8","accept-encoding":"9","connection":"10","content-length":"11"},"application/json","PostmanRuntime/7.28.4","*/*","ccbbae8d-c946-4bda-83cd-fb23db840f39","localhost:8080","gzip, deflate, br","keep-alive","55"] exceptionBacktrace: Error
    at LogIn.run (/Users/adamwiniecke/SolSurvivor/api/src/services/user/logIn.js:108:13)
    at processTicksAndRejections (internal/process/task_queues.js:95:5)
    at async LogIn.tryExecuting (/Users/adamwiniecke/SolSurvivor/api/src/lib/serviceBase.js:86:22)
    at async Function.execute (/Users/adamwiniecke/SolSurvivor/api/src/lib/serviceBase.js:191:5)
    at async logIn (/Users/adamwiniecke/SolSurvivor/api/src/controllers/v1/UserController.js:34:27)
    at async logger (/Users/adamwiniecke/SolSurvivor/api/node_modules/koa-logger/index.js:67:7)
    at async bodyParser (/Users/adamwiniecke/SolSurvivor/api/node_modules/koa-bodyparser/index.js:95:5) 
Process: 3881 2021-10-17T22:15:24.012Z [Sol Survivor API] [31merror[39m: Server Error Message: No Message exceptionBacktrace: Error
    at LogIn.run (/Users/adamwiniecke/SolSurvivor/api/src/services/user/logIn.js:108:13)
    at processTicksAndRejections (internal/process/task_queues.js:95:5)
    at async LogIn.tryExecuting (/Users/adamwiniecke/SolSurvivor/api/src/lib/serviceBase.js:86:22)
    at async Function.execute (/Users/adamwiniecke/SolSurvivor/api/src/lib/serviceBase.js:191:5)
    at async logIn (/Users/adamwiniecke/SolSurvivor/api/src/controllers/v1/UserController.js:34:27)
    at async logger (/Users/adamwiniecke/SolSurvivor/api/node_modules/koa-logger/index.js:67:7)
    at async bodyParser (/Users/adamwiniecke/SolSurvivor/api/node_modules/koa-bodyparser/index.js:95:5) 
Process: 3902 2021-10-17T22:16:14.724Z [Sol Survivor API] [31merror[39m: Exception raised in Service Message: No Message class: LogIn context: [{"method":"1","url":"2","header":"3"},"POST","/api/v1/user/logIn",{"content-type":"4","user-agent":"5","accept":"6","postman-token":"7","host":"8","accept-encoding":"9","connection":"10","content-length":"11"},"application/json","PostmanRuntime/7.28.4","*/*","f778a9c5-ca31-46a3-94cc-858c6c2297c7","localhost:8080","gzip, deflate, br","keep-alive","55"] exceptionBacktrace: Error
    at LogIn.run (/Users/adamwiniecke/SolSurvivor/api/src/services/user/logIn.js:108:13)
    at processTicksAndRejections (internal/process/task_queues.js:95:5)
    at async LogIn.tryExecuting (/Users/adamwiniecke/SolSurvivor/api/src/lib/serviceBase.js:86:22)
    at async Function.execute (/Users/adamwiniecke/SolSurvivor/api/src/lib/serviceBase.js:191:5)
    at async logIn (/Users/adamwiniecke/SolSurvivor/api/src/controllers/v1/UserController.js:34:27)
    at async logger (/Users/adamwiniecke/SolSurvivor/api/node_modules/koa-logger/index.js:67:7)
    at async bodyParser (/Users/adamwiniecke/SolSurvivor/api/node_modules/koa-bodyparser/index.js:95:5) 
Process: 3902 2021-10-17T22:16:14.727Z [Sol Survivor API] [31merror[39m: Server Error Message: No Message exceptionBacktrace: Error
    at LogIn.run (/Users/adamwiniecke/SolSurvivor/api/src/services/user/logIn.js:108:13)
    at processTicksAndRejections (internal/process/task_queues.js:95:5)
    at async LogIn.tryExecuting (/Users/adamwiniecke/SolSurvivor/api/src/lib/serviceBase.js:86:22)
    at async Function.execute (/Users/adamwiniecke/SolSurvivor/api/src/lib/serviceBase.js:191:5)
    at async logIn (/Users/adamwiniecke/SolSurvivor/api/src/controllers/v1/UserController.js:34:27)
    at async logger (/Users/adamwiniecke/SolSurvivor/api/node_modules/koa-logger/index.js:67:7)
    at async bodyParser (/Users/adamwiniecke/SolSurvivor/api/node_modules/koa-bodyparser/index.js:95:5) 
Process: 3902 2021-10-17T22:17:46.435Z [Sol Survivor API] [31merror[39m: Exception raised in Service Message: No Message class: LogIn context: [{"method":"1","url":"2","header":"3"},"POST","/api/v1/user/logIn",{"content-type":"4","user-agent":"5","accept":"6","postman-token":"7","host":"8","accept-encoding":"9","connection":"10","content-length":"11"},"application/json","PostmanRuntime/7.28.4","*/*","ab0080de-19f3-4587-95a9-5e0da7d364ab","localhost:8080","gzip, deflate, br","keep-alive","51"] exceptionBacktrace: Error
    at LogIn.run (/Users/adamwiniecke/SolSurvivor/api/src/services/user/logIn.js:108:13)
    at processTicksAndRejections (internal/process/task_queues.js:95:5)
    at async LogIn.tryExecuting (/Users/adamwiniecke/SolSurvivor/api/src/lib/serviceBase.js:86:22)
    at async Function.execute (/Users/adamwiniecke/SolSurvivor/api/src/lib/serviceBase.js:191:5)
    at async logIn (/Users/adamwiniecke/SolSurvivor/api/src/controllers/v1/UserController.js:34:27)
    at async logger (/Users/adamwiniecke/SolSurvivor/api/node_modules/koa-logger/index.js:67:7)
    at async bodyParser (/Users/adamwiniecke/SolSurvivor/api/node_modules/koa-bodyparser/index.js:95:5) 
Process: 3902 2021-10-17T22:17:46.436Z [Sol Survivor API] [31merror[39m: Server Error Message: No Message exceptionBacktrace: Error
    at LogIn.run (/Users/adamwiniecke/SolSurvivor/api/src/services/user/logIn.js:108:13)
    at processTicksAndRejections (internal/process/task_queues.js:95:5)
    at async LogIn.tryExecuting (/Users/adamwiniecke/SolSurvivor/api/src/lib/serviceBase.js:86:22)
    at async Function.execute (/Users/adamwiniecke/SolSurvivor/api/src/lib/serviceBase.js:191:5)
    at async logIn (/Users/adamwiniecke/SolSurvivor/api/src/controllers/v1/UserController.js:34:27)
    at async logger (/Users/adamwiniecke/SolSurvivor/api/node_modules/koa-logger/index.js:67:7)
    at async bodyParser (/Users/adamwiniecke/SolSurvivor/api/node_modules/koa-bodyparser/index.js:95:5) 
Process: 3902 2021-10-17T22:17:54.707Z [Sol Survivor API] [31merror[39m: Exception raised in Service Message: No Message class: LogIn context: [{"method":"1","url":"2","header":"3"},"POST","/api/v1/user/logIn",{"content-type":"4","user-agent":"5","accept":"6","postman-token":"7","host":"8","accept-encoding":"9","connection":"10","content-length":"11"},"application/json","PostmanRuntime/7.28.4","*/*","acbec3ae-0ac2-45d8-a80e-4ffd33e67a72","localhost:8080","gzip, deflate, br","keep-alive","55"] exceptionBacktrace: Error
    at LogIn.run (/Users/adamwiniecke/SolSurvivor/api/src/services/user/logIn.js:108:13)
    at processTicksAndRejections (internal/process/task_queues.js:95:5)
    at async LogIn.tryExecuting (/Users/adamwiniecke/SolSurvivor/api/src/lib/serviceBase.js:86:22)
    at async Function.execute (/Users/adamwiniecke/SolSurvivor/api/src/lib/serviceBase.js:191:5)
    at async logIn (/Users/adamwiniecke/SolSurvivor/api/src/controllers/v1/UserController.js:34:27)
    at async logger (/Users/adamwiniecke/SolSurvivor/api/node_modules/koa-logger/index.js:67:7)
    at async bodyParser (/Users/adamwiniecke/SolSurvivor/api/node_modules/koa-bodyparser/index.js:95:5) 
Process: 3902 2021-10-17T22:17:54.708Z [Sol Survivor API] [31merror[39m: Server Error Message: No Message exceptionBacktrace: Error
    at LogIn.run (/Users/adamwiniecke/SolSurvivor/api/src/services/user/logIn.js:108:13)
    at processTicksAndRejections (internal/process/task_queues.js:95:5)
    at async LogIn.tryExecuting (/Users/adamwiniecke/SolSurvivor/api/src/lib/serviceBase.js:86:22)
    at async Function.execute (/Users/adamwiniecke/SolSurvivor/api/src/lib/serviceBase.js:191:5)
    at async logIn (/Users/adamwiniecke/SolSurvivor/api/src/controllers/v1/UserController.js:34:27)
    at async logger (/Users/adamwiniecke/SolSurvivor/api/node_modules/koa-logger/index.js:67:7)
    at async bodyParser (/Users/adamwiniecke/SolSurvivor/api/node_modules/koa-bodyparser/index.js:95:5) 
Process: 3902 2021-10-17T22:18:06.580Z [Sol Survivor API] [31merror[39m: Exception raised in Service Message: No Message class: LogIn context: [{"method":"1","url":"2","header":"3"},"POST","/api/v1/user/logIn",{"content-type":"4","user-agent":"5","accept":"6","postman-token":"7","host":"8","accept-encoding":"9","connection":"10","content-length":"11"},"application/json","PostmanRuntime/7.28.4","*/*","9e1bf321-12fb-4bbe-b7d2-7ce929fb4e17","localhost:8080","gzip, deflate, br","keep-alive","55"] exceptionBacktrace: Error
    at LogIn.run (/Users/adamwiniecke/SolSurvivor/api/src/services/user/logIn.js:108:13)
    at processTicksAndRejections (internal/process/task_queues.js:95:5)
    at async LogIn.tryExecuting (/Users/adamwiniecke/SolSurvivor/api/src/lib/serviceBase.js:86:22)
    at async Function.execute (/Users/adamwiniecke/SolSurvivor/api/src/lib/serviceBase.js:191:5)
    at async logIn (/Users/adamwiniecke/SolSurvivor/api/src/controllers/v1/UserController.js:34:27)
    at async logger (/Users/adamwiniecke/SolSurvivor/api/node_modules/koa-logger/index.js:67:7)
    at async bodyParser (/Users/adamwiniecke/SolSurvivor/api/node_modules/koa-bodyparser/index.js:95:5) 
Process: 3902 2021-10-17T22:18:06.581Z [Sol Survivor API] [31merror[39m: Server Error Message: No Message exceptionBacktrace: Error
    at LogIn.run (/Users/adamwiniecke/SolSurvivor/api/src/services/user/logIn.js:108:13)
    at processTicksAndRejections (internal/process/task_queues.js:95:5)
    at async LogIn.tryExecuting (/Users/adamwiniecke/SolSurvivor/api/src/lib/serviceBase.js:86:22)
    at async Function.execute (/Users/adamwiniecke/SolSurvivor/api/src/lib/serviceBase.js:191:5)
    at async logIn (/Users/adamwiniecke/SolSurvivor/api/src/controllers/v1/UserController.js:34:27)
    at async logger (/Users/adamwiniecke/SolSurvivor/api/node_modules/koa-logger/index.js:67:7)
    at async bodyParser (/Users/adamwiniecke/SolSurvivor/api/node_modules/koa-bodyparser/index.js:95:5) 
Process: 11972 2021-10-18T02:56:43.062Z [Sol Survivor API] [31merror[39m: Server Error Message: InvalidCredentials exceptionBacktrace: BadRequestError: InvalidCredentials
    at Object.throw (/Users/adamwiniecke/SolSurvivor/api/node_modules/koa/lib/context.js:97:11)
    at /Users/adamwiniecke/SolSurvivor/api/src/middlewares/user.js:37:16
    at processTicksAndRejections (internal/process/task_queues.js:95:5)
    at async logger (/Users/adamwiniecke/SolSurvivor/api/node_modules/koa-logger/index.js:67:7)
    at async bodyParser (/Users/adamwiniecke/SolSurvivor/api/node_modules/koa-bodyparser/index.js:95:5)
    at async cors (/Users/adamwiniecke/SolSurvivor/api/node_modules/@koa/cors/index.js:98:16) 
Process: 11972 2021-10-18T02:57:36.528Z [Sol Survivor API] [31merror[39m: Server Error Message: InvalidCredentials exceptionBacktrace: BadRequestError: InvalidCredentials
    at Object.throw (/Users/adamwiniecke/SolSurvivor/api/node_modules/koa/lib/context.js:97:11)
    at /Users/adamwiniecke/SolSurvivor/api/src/middlewares/user.js:37:16
    at processTicksAndRejections (internal/process/task_queues.js:95:5)
    at async logger (/Users/adamwiniecke/SolSurvivor/api/node_modules/koa-logger/index.js:67:7)
    at async bodyParser (/Users/adamwiniecke/SolSurvivor/api/node_modules/koa-bodyparser/index.js:95:5)
    at async cors (/Users/adamwiniecke/SolSurvivor/api/node_modules/@koa/cors/index.js:98:16) 
Process: 656 2021-10-18T06:52:37.243Z [Sol Survivor API] [31merror[39m: Server Error Message: Not authorized! exceptionBacktrace: BadRequestError: Not authorized!
    at Object.throw (/Users/adamwiniecke/SolSurvivor/api/node_modules/koa/lib/context.js:97:11)
    at /Users/adamwiniecke/SolSurvivor/api/src/middlewares/user.js:18:16
    at runMicrotasks (<anonymous>)
    at processTicksAndRejections (internal/process/task_queues.js:95:5)
    at async logger (/Users/adamwiniecke/SolSurvivor/api/node_modules/koa-logger/index.js:67:7)
    at async bodyParser (/Users/adamwiniecke/SolSurvivor/api/node_modules/koa-bodyparser/index.js:95:5)
    at async cors (/Users/adamwiniecke/SolSurvivor/api/node_modules/@koa/cors/index.js:56:32) 
Process: 1684 2021-10-18T07:34:51.872Z [Sol Survivor API] [31merror[39m: Server Error Message: Not authorized! exceptionBacktrace: BadRequestError: Not authorized!
    at Object.throw (/Users/adamwiniecke/SolSurvivor/api/node_modules/koa/lib/context.js:97:11)
    at /Users/adamwiniecke/SolSurvivor/api/src/middlewares/user.js:18:16
    at runMicrotasks (<anonymous>)
    at processTicksAndRejections (internal/process/task_queues.js:95:5)
    at async logger (/Users/adamwiniecke/SolSurvivor/api/node_modules/koa-logger/index.js:67:7)
    at async bodyParser (/Users/adamwiniecke/SolSurvivor/api/node_modules/koa-bodyparser/index.js:95:5)
    at async cors (/Users/adamwiniecke/SolSurvivor/api/node_modules/@koa/cors/index.js:56:32) 
